Number of active cells: fluid: 16 structure: 16
Number of degrees of freedom: 673 (162+25+162+162+162)

----------------------------------------
Time step 1 at t=0.5625
17.607
0.0585484
0.000149773
1.8124e-09
Jump Error: 0.00928278
0.491332
0.00296431
4.69846e-07
1.4533e-14
Jump Error: 1.87429e-07
0.00202172
1.81855e-07
1.60633e-14
Jump Error: 4.65373e-14
Total Solves: 527
Comp. Time: 3.4303
Est. Rem.: 24.0123

----------------------------------------
Time step 2 at t=0.625
1.31149
0.00476191
5.17886e-07
1.83999e-14
Jump Error: 0.00988458
0.515955
0.00208932
1.22991e-07
1.32022e-14
Jump Error: 5.64518e-08
0.00104193
4.54735e-08
1.91881e-14
Jump Error: 5.40632e-14
Total Solves: 503
Comp. Time: 3.26919
Est. Rem.: 20.0986

----------------------------------------
Time step 3 at t=0.6875
1.45178
0.0069075
1.09929e-06
8.9884e-14
Jump Error: 0.0114009
0.55897
0.00256824
1.32109e-07
9.81443e-15
Jump Error: 1.22704e-07
0.00130291
4.90834e-08
2.66683e-14
Jump Error: 5.2521e-14
Total Solves: 475
Comp. Time: 3.16408
Est. Rem.: 16.4394

----------------------------------------
Time step 4 at t=0.75
1.57246
0.00501363
1.05948e-06
4.60735e-14
Jump Error: 0.0108382
0.53108
0.00235582
7.84568e-08
1.28774e-14
Jump Error: 7.60185e-08
0.000988032
2.70171e-08
1.14668e-14
Jump Error: 5.14741e-14
Total Solves: 435
Comp. Time: 2.97052
Est. Rem.: 12.8342

----------------------------------------
Time step 5 at t=0.8125
1.71502
0.00923847
1.70647e-06
7.88606e-14
Jump Error: 0.0123746
0.583817
0.00277979
2.02277e-07
1.73843e-14
Jump Error: 1.24072e-07
0.0013484
8.74453e-08
2.35869e-14
Jump Error: 5.33463e-14
Total Solves: 403
Comp. Time: 2.75872
Est. Rem.: 9.35576

----------------------------------------
Time step 6 at t=0.875
1.81775
0.00666951
1.67562e-06
1.02435e-13
Jump Error: 0.0110013
0.535399
0.00251302
9.57942e-08
1.99038e-14
Jump Error: 1.02195e-07
0.00112657
4.00409e-08
9.22472e-15
Jump Error: 7.01175e-14
Total Solves: 371
Comp. Time: 2.63432
Est. Rem.: 6.07576

----------------------------------------
Time step 7 at t=0.9375
1.92357
0.0100636
1.84524e-06
9.06339e-14
Jump Error: 0.0114503
0.563883
0.00251196
1.60756e-07
1.09316e-14
Jump Error: 1.10623e-07
0.00121278
6.45004e-08
1.10132e-14
Jump Error: 7.56616e-14
Total Solves: 343
Comp. Time: 2.52606
Est. Rem.: 2.96476

----------------------------------------
Time step 8 at t=1
1.99018
0.00697898
1.88745e-06
1.37578e-13
Jump Error: 0.0101113
0.510284
0.00224595
1.07456e-07
1.36251e-14
Jump Error: 5.74699e-08
0.000882022
2.57595e-08
1.17913e-14
Jump Error: 7.67736e-14
Total Solves: 319
dt = 0.0625 h_f = 0.353553 h_s = 0.257694 L2(T) error [fluid] = 0.0119546,  L2(T) error [structure] = 0.00010642
 L2(0,T;H1(t)) error [fluid] = 0.104261,  Pressure error [fluid] = 0.00898869,  L2(0,T;H1(t)) errors [structure] = 0.00135501 L2(T) error [structure_vel] = 0.00252718
Comp. Time: 2.38855
Est. Rem.: 0


+---------------------------------------------+------------+------------+
| Total wallclock time elapsed since start    |      7.93s |            |
|                                             |            |            |
| Section                         | no. calls |  wall time | % of total |
+---------------------------------+-----------+------------+------------+
| Assemble                        |      1732 |      6.15s |        78% |
| Everything                      |         1 |      7.93s |     1e+02% |
| Linear Solve                    |      1644 |      1.31s |        16% |
| Setup dof system                |         1 |   0.00318s |      0.04% |
| State Solve                     |        88 |      0.18s |       2.3% |
+---------------------------------+-----------+------------+------------+

Number of active cells: fluid: 36 structure: 36
Number of degrees of freedom: 1401 (338+49+338+338+338)

----------------------------------------
Time step 1 at t=0.533333
25.0539
0.0147303
5.96058e-06
1.91947e-12
Jump Error: 0.00151013
0.272844
0.000291547
1.53452e-09
Jump Error: 8.35328e-10
0.000134712
4.525e-10
Jump Error: 7.29816e-14
Total Solves: 341
Comp. Time: 4.45488
Est. Rem.: 62.3686

----------------------------------------
Time step 2 at t=0.566667
0.927079
0.000604219
4.81429e-09
Jump Error: 0.00157934
0.281486
0.000264943
7.81238e-10
Jump Error: 5.21394e-10
9.71898e-05
2.21757e-10
Jump Error: 6.52626e-14
Total Solves: 332
Comp. Time: 4.24223
Est. Rem.: 56.5315

----------------------------------------
Time step 3 at t=0.6
0.983806
0.000873796
7.37456e-09
Jump Error: 0.00175007
0.297
0.000294482
1.00062e-09
Jump Error: 8.4971e-10
0.000119052
2.74832e-10
Jump Error: 7.92559e-14
Total Solves: 328
Comp. Time: 4.20401
Est. Rem.: 51.6048

----------------------------------------
Time step 4 at t=0.633333
1.03812
0.000576437
9.65876e-09
Jump Error: 0.00174181
0.296058
0.000292647
8.49409e-10
Jump Error: 7.04716e-10
0.000107726
2.59666e-10
Jump Error: 8.23164e-14
Total Solves: 324
Comp. Time: 4.18497
Est. Rem.: 46.987

----------------------------------------
Time step 5 at t=0.666667
1.09798
0.00106579
1.21948e-08
1.62638e-14
Jump Error: 0.00192378
0.312236
0.000309553
1.37053e-09
Jump Error: 8.37576e-10
0.00012253
4.41994e-10
Jump Error: 9.13971e-14
Total Solves: 317
Comp. Time: 4.24342
Est. Rem.: 42.6593

----------------------------------------
Time step 6 at t=0.7
1.15286
0.000760776
1.88086e-08
1.54235e-14
Jump Error: 0.0019253
0.310647
0.000326155
9.9883e-10
Jump Error: 8.1154e-10
0.000115428
2.85372e-10
Jump Error: 9.07958e-14
Total Solves: 309
Comp. Time: 4.17182
Est. Rem.: 38.2522

----------------------------------------
Time step 7 at t=0.733333
1.21126
0.00141448
1.43137e-08
1.89647e-14
Jump Error: 0.0020563
0.324044
0.000331733
1.54329e-09
Jump Error: 1.23871e-09
0.000140201
3.88504e-10
Jump Error: 9.42811e-14
Total Solves: 305
Comp. Time: 4.10584
Est. Rem.: 33.8369

----------------------------------------
Time step 8 at t=0.766667
1.26174
0.00086277
2.52773e-08
1.16896e-14
Jump Error: 0.0019927
0.317194
0.000322268
1.05486e-09
Jump Error: 7.80476e-10
0.000111712
2.59326e-10
Jump Error: 7.73057e-14
Total Solves: 297
Comp. Time: 4.04798
Est. Rem.: 29.4484

----------------------------------------
Time step 9 at t=0.8
1.31476
0.00143703
2.80735e-08
1.49123e-14
Jump Error: 0.0020903
0.32583
0.000341567
1.41356e-09
Jump Error: 1.16493e-09
0.000135154
3.99063e-10
Jump Error: 8.94613e-14
Total Solves: 293
Comp. Time: 4.03638
Est. Rem.: 25.1278

----------------------------------------
Time step 10 at t=0.833333
1.35995
0.00106562
3.00179e-08
9.02204e-15
Jump Error: 0.00203498
0.321258
0.000327338
1.06689e-09
Jump Error: 8.64964e-10
0.00011527
2.83078e-10
Jump Error: 7.65034e-14
Total Solves: 285
Comp. Time: 3.90875
Est. Rem.: 20.8002

----------------------------------------
Time step 11 at t=0.866667
1.40631
0.00150508
3.09499e-08
1.06953e-14
Jump Error: 0.00208635
0.325329
0.000339062
1.45346e-09
Jump Error: 1.14216e-09
0.000133151
4.02342e-10
Jump Error: 7.96147e-14
Total Solves: 281
Comp. Time: 3.94569
Est. Rem.: 16.5623

----------------------------------------
Time step 12 at t=0.9
1.44308
0.00116827
3.3121e-08
7.74301e-15
Jump Error: 0.00198834
0.317701
0.000317254
1.12693e-09
Jump Error: 7.71283e-10
0.000109982
2.80286e-10
Jump Error: 6.74192e-14
Total Solves: 281
Comp. Time: 3.93885
Est. Rem.: 12.3713

----------------------------------------
Time step 13 at t=0.933333
1.47965
0.00150912
3.43451e-08
8.06054e-15
Jump Error: 0.00199765
0.318727
0.00032888
1.36522e-09
Jump Error: 1.06272e-09
0.000126999
3.72439e-10
Jump Error: 7.13684e-14
Total Solves: 281
Comp. Time: 3.99993
Est. Rem.: 8.22847

----------------------------------------
Time step 14 at t=0.966667
1.50835
0.0012129
3.41907e-08
9.17073e-15
Jump Error: 0.00187976
0.308896
0.000298971
1.03377e-09
Jump Error: 6.66503e-10
0.000101987
2.51298e-10
Jump Error: 8.93771e-14
Total Solves: 277
Comp. Time: 3.95643
Est. Rem.: 4.10296

----------------------------------------
Time step 15 at t=1
1.53515
0.00154448
3.42951e-08
9.44976e-15
Jump Error: 0.00185115
0.306499
0.000302618
1.16724e-09
Jump Error: 8.51451e-10
0.000113844
3.15332e-10
Jump Error: 8.7627e-14
Total Solves: 277
dt = 0.0333333 h_f = 0.235702 h_s = 0.171796 L2(T) error [fluid] = 0.00265125,  L2(T) error [structure] = 2.05188e-05
 L2(0,T;H1(t)) error [fluid] = 0.0391993,  Pressure error [fluid] = 0.0035714,  L2(0,T;H1(t)) errors [structure] = 0.000357945 L2(T) error [structure_vel] = 0.000645633
Comp. Time: 3.92071
Est. Rem.: 0


+---------------------------------------------+------------+------------+
| Total wallclock time elapsed since start    |      16.5s |            |
|                                             |            |            |
| Section                         | no. calls |  wall time | % of total |
+---------------------------------+-----------+------------+------------+
| Assemble                        |      2330 |      11.3s |        69% |
| Everything                      |         1 |      16.5s |     1e+02% |
| Linear Solve                    |      2198 |      4.14s |        25% |
| Setup dof system                |         1 |   0.00415s |     0.025% |
| State Solve                     |       132 |     0.552s |       3.3% |
+---------------------------------+-----------+------------+------------+

Number of active cells: fluid: 81 structure: 81
Number of degrees of freedom: 2988 (722+100+722+722+722)

----------------------------------------
Time step 1 at t=0.518519
36.2053
0.00422207
3.09499e-07
2.1098e-14
Jump Error: 0.00032949
0.188125
4.39106e-05
1.60183e-11
Jump Error: 8.87738e-12
Total Solves: 211
Comp. Time: 5.52114
Est. Rem.: 143.55

----------------------------------------
Time step 2 at t=0.537037
0.720498
9.96174e-05
9.61758e-11
Jump Error: 0.000340491
0.192433
4.3373e-05
1.44766e-11
Jump Error: 7.48005e-12
Total Solves: 210
Comp. Time: 5.15396
Est. Rem.: 133.439

----------------------------------------
Time step 3 at t=0.555556
0.745541
0.000136919
1.11199e-10
Jump Error: 0.000360069
0.197158
4.48471e-05
1.5758e-11
Jump Error: 9.51349e-12
Total Solves: 206
Comp. Time: 5.08798
Est. Rem.: 126.105

----------------------------------------
Time step 4 at t=0.574074
0.770176
9.76171e-05
1.52507e-10
Jump Error: 0.000367
0.200506
4.60228e-05
1.56603e-11
Jump Error: 9.25105e-12
Total Solves: 206
Comp. Time: 5.03351
Est. Rem.: 119.581

----------------------------------------
Time step 5 at t=0.592593
0.796599
0.000150278
1.41384e-10
Jump Error: 0.000384638
0.204568
4.54858e-05
1.62581e-11
Jump Error: 9.88523e-12
Total Solves: 206
Comp. Time: 5.05139
Est. Rem.: 113.732

----------------------------------------
Time step 6 at t=0.611111
0.82202
0.000111136
2.69632e-10
Jump Error: 0.000392759
0.207504
4.82262e-05
1.62876e-11
Jump Error: 8.97919e-12
Total Solves: 210
Comp. Time: 5.16215
Est. Rem.: 108.536

----------------------------------------
Time step 7 at t=0.62963
0.849048
0.000189385
1.72084e-10
Jump Error: 0.000409212
0.21111
4.84498e-05
1.80016e-11
Jump Error: 1.21433e-11
Total Solves: 210
Comp. Time: 5.10605
Est. Rem.: 103.19

----------------------------------------
Time step 8 at t=0.648148
0.87437
0.000129696
3.0727e-10
Jump Error: 0.000414663
0.213731
4.89157e-05
1.60694e-11
Jump Error: 1.02573e-11
Total Solves: 210
Comp. Time: 5.11719
Est. Rem.: 97.9297

----------------------------------------
Time step 9 at t=0.666667
0.901327
0.000189444
3.1369e-10
Jump Error: 0.000430049
0.21682
4.97343e-05
1.79828e-11
Jump Error: 1.24637e-11
Total Solves: 210
Comp. Time: 5.16196
Est. Rem.: 92.791

----------------------------------------
Time step 10 at t=0.685185
0.926541
0.000148059
4.17393e-10
Jump Error: 0.000434388
0.219141
5.03359e-05
1.70386e-11
Jump Error: 1.06134e-11
Total Solves: 210
Comp. Time: 5.14427
Est. Rem.: 87.6177

----------------------------------------
Time step 11 at t=0.703704
0.953025
0.000206638
4.02927e-10
Jump Error: 0.000445582
0.220987
5.16369e-05
1.95997e-11
Jump Error: 1.37792e-11
Total Solves: 210
Comp. Time: 5.12373
Est. Rem.: 82.4197

----------------------------------------
Time step 12 at t=0.722222
0.977119
0.000169227
4.98227e-10
Jump Error: 0.000447552
0.222405
5.10753e-05
1.73488e-11
Jump Error: 1.09813e-11
Total Solves: 210
Comp. Time: 5.15581
Est. Rem.: 77.2742

----------------------------------------
Time step 13 at t=0.740741
1.00219
0.000230465
5.00181e-10
Jump Error: 0.000459099
0.224443
5.24096e-05
2.06607e-11
Jump Error: 1.44752e-11
Total Solves: 210
Comp. Time: 5.06223
Est. Rem.: 72.0264

----------------------------------------
Time step 14 at t=0.759259
1.02532
0.000180535
6.17888e-10
Jump Error: 0.000457424
0.22531
5.1761e-05
1.74204e-11
Jump Error: 1.1804e-11
Total Solves: 210
Comp. Time: 5.08984
Est. Rem.: 66.8307

----------------------------------------
Time step 15 at t=0.777778
1.04921
0.000241631
6.11429e-10
Jump Error: 0.000466758
0.226495
5.27807e-05
2.06698e-11
Jump Error: 1.43538e-11
Total Solves: 210
Comp. Time: 5.09112
Est. Rem.: 61.6501

----------------------------------------
Time step 16 at t=0.796296
1.07073
0.000196517
7.26681e-10
Jump Error: 0.00046311
0.226624
5.24691e-05
1.86489e-11
Jump Error: 1.16248e-11
Total Solves: 210
Comp. Time: 5.10732
Est. Rem.: 56.4919

----------------------------------------
Time step 17 at t=0.814815
1.09274
0.000259622
6.80711e-10
Jump Error: 0.000470711
0.227559
5.35236e-05
2.27286e-11
Jump Error: 1.52225e-11
Total Solves: 210
Comp. Time: 5.13073
Est. Rem.: 51.3534

----------------------------------------
Time step 18 at t=0.833333
1.11251
0.000210381
7.93918e-10
Jump Error: 0.000465108
0.227264
5.20289e-05
1.84083e-11
Jump Error: 1.15771e-11
Total Solves: 210
Comp. Time: 5.08486
Est. Rem.: 46.1928

----------------------------------------
Time step 19 at t=0.851852
1.13258
0.000266039
7.79908e-10
Jump Error: 0.000467619
0.226914
5.30487e-05
2.21615e-11
Jump Error: 1.46263e-11
Total Solves: 210
Comp. Time: 5.06308
Est. Rem.: 41.0311

----------------------------------------
Time step 20 at t=0.87037
1.1501
0.000218531
8.88541e-10
Jump Error: 0.000461838
0.22663
5.22142e-05
1.91634e-11
Jump Error: 1.17174e-11
Total Solves: 210
Comp. Time: 5.14623
Est. Rem.: 35.9082

----------------------------------------
Time step 21 at t=0.888889
1.16833
0.0002796
8.20212e-10
Jump Error: 0.00046267
0.225821
5.22686e-05
2.22926e-11
Jump Error: 1.41503e-11
Total Solves: 210
Comp. Time: 5.09559
Est. Rem.: 30.7687

----------------------------------------
Time step 22 at t=0.907407
1.18361
0.000226358
9.46921e-10
Jump Error: 0.000452283
0.224107
5.13087e-05
1.84417e-11
Jump Error: 1.08917e-11
Total Solves: 210
Comp. Time: 5.14659
Est. Rem.: 25.6448

----------------------------------------
Time step 23 at t=0.925926
1.199
0.000288107
8.42351e-10
Jump Error: 0.000451983
0.22322
5.10502e-05
2.23315e-11
Jump Error: 1.36316e-11
Total Solves: 210
Comp. Time: 5.08489
Est. Rem.: 20.5082

----------------------------------------
Time step 24 at t=0.944444
1.21206
0.000227425
1.00572e-09
Jump Error: 0.000439851
0.221125
5.03249e-05
1.83399e-11
Jump Error: 1.06585e-11
Total Solves: 210
Comp. Time: 5.14638
Est. Rem.: 15.3836

----------------------------------------
Time step 25 at t=0.962963
1.22516
0.000288345
8.78968e-10
Jump Error: 0.000435886
0.219017
4.93785e-05
2.04764e-11
Jump Error: 1.20029e-11
Total Solves: 210
Comp. Time: 5.15681
Est. Rem.: 10.258

----------------------------------------
Time step 26 at t=0.981481
1.23537
0.000233439
9.89155e-10
Jump Error: 0.000424156
0.216971
4.84513e-05
1.73233e-11
Jump Error: 9.4706e-12
Total Solves: 210
Comp. Time: 5.1654
Est. Rem.: 5.13041

----------------------------------------
Time step 27 at t=1
1.24593
0.000280253
8.87641e-10
Jump Error: 0.000415857
0.214172
4.82065e-05
2.02866e-11
Jump Error: 1.19142e-11
Total Solves: 210
dt = 0.0185185 h_f = 0.157135 h_s = 0.114531 L2(T) error [fluid] = 0.000509703,  L2(T) error [structure] = 3.79751e-06
 L2(0,T;H1(t)) error [fluid] = 0.0125109,  Pressure error [fluid] = 0.00155885,  L2(0,T;H1(t)) errors [structure] = 0.000110556 L2(T) error [structure_vel] = 0.000162155
Comp. Time: 5.11619
Est. Rem.: 0


+---------------------------------------------+------------+------------+
| Total wallclock time elapsed since start    |      37.1s |            |
|                                             |            |            |
| Section                         | no. calls |  wall time | % of total |
+---------------------------------+-----------+------------+------------+
| Assemble                        |      2911 |      22.4s |        60% |
| Everything                      |         1 |      37.1s |     1e+02% |
| Linear Solve                    |      2748 |      12.1s |        33% |
| Setup dof system                |         1 |   0.00797s |     0.021% |
| State Solve                     |       163 |      1.59s |       4.3% |
+---------------------------------+-----------+------------+------------+

Number of active cells: fluid: 196 structure: 196
Number of degrees of freedom: 6953 (1682+225+1682+1682+1682)

----------------------------------------
Time step 1 at t=0.509434
54.7946
0.00107718
1.335e-08
3.7458e-14
Jump Error: 6.65918e-05
0.133788
5.44586e-06
1.57074e-13
Jump Error: 1.36673e-13
Total Solves: 203
Comp. Time: 11.2501
Est. Rem.: 585.007

----------------------------------------
Time step 2 at t=0.518868
0.544254
1.47197e-05
1.68023e-12
Jump Error: 6.81206e-05
0.13583
5.48967e-06
1.5647e-13
Jump Error: 1.34119e-13
Total Solves: 202
Comp. Time: 10.591
Est. Rem.: 556.95

----------------------------------------
Time step 3 at t=0.528302
0.55412
1.79811e-05
1.53626e-12
Jump Error: 6.96421e-05
0.136885
5.4947e-06
1.58082e-13
Jump Error: 1.41389e-13
Total Solves: 202
Comp. Time: 10.5999
Est. Rem.: 540.685

----------------------------------------
Time step 4 at t=0.537736
0.563628
1.48727e-05
1.96681e-12
Jump Error: 7.13071e-05
0.139208
5.665e-06
1.59592e-13
Jump Error: 1.43561e-13
Total Solves: 202
Comp. Time: 10.5736
Est. Rem.: 526.93

----------------------------------------
Time step 5 at t=0.54717
0.573963
1.89136e-05
1.56742e-12
Jump Error: 7.25007e-05
0.140009
5.55147e-06
1.63265e-13
Jump Error: 1.50791e-13
Total Solves: 202
Comp. Time: 10.5269
Est. Rem.: 513.999

----------------------------------------
Time step 6 at t=0.556604
0.583706
1.52932e-05
2.5297e-12
Jump Error: 7.41319e-05
0.142217
5.70512e-06
1.61057e-13
Jump Error: 1.45886e-13
Total Solves: 202
Comp. Time: 10.5867
Est. Rem.: 502.338

----------------------------------------
Time step 7 at t=0.566038
0.594319
1.97812e-05
2.04424e-12
Jump Error: 7.54141e-05
0.142991
5.69216e-06
1.65613e-13
Jump Error: 1.54389e-13
Total Solves: 202
Comp. Time: 10.4923
Est. Rem.: 490.364

----------------------------------------
Time step 8 at t=0.575472
0.604264
1.68275e-05
2.70462e-12
Jump Error: 7.69615e-05
0.145069
5.81783e-06
1.62399e-13
Jump Error: 1.53196e-13
Total Solves: 202
Comp. Time: 10.4106
Est. Rem.: 478.301

----------------------------------------
Time step 9 at t=0.584906
0.615031
2.10214e-05
2.19081e-12
Jump Error: 7.81583e-05
0.145779
5.8105e-06
1.66267e-13
Jump Error: 1.6366e-13
Total Solves: 202
Comp. Time: 10.4541
Est. Rem.: 466.817

----------------------------------------
Time step 10 at t=0.59434
0.625103
1.78961e-05
3.14269e-12
Jump Error: 7.95917e-05
0.147684
5.8701e-06
1.6356e-13
Jump Error: 1.5794e-13
Total Solves: 202
Comp. Time: 10.6456
Est. Rem.: 456.363

----------------------------------------
Time step 11 at t=0.603774
0.635946
2.20083e-05
2.85229e-12
Jump Error: 8.08149e-05
0.148411
5.88623e-06
1.68876e-13
Jump Error: 1.6895e-13
Total Solves: 202
Comp. Time: 10.8235
Est. Rem.: 446.554

----------------------------------------
Time step 12 at t=0.613208
0.646147
1.85107e-05
3.77644e-12
Jump Error: 8.19499e-05
0.150069
5.97153e-06
1.6525e-13
Jump Error: 1.6387e-13
Total Solves: 202
Comp. Time: 10.6429
Est. Rem.: 435.958

----------------------------------------
Time step 13 at t=0.622642
0.656972
2.34015e-05
3.22503e-12
Jump Error: 8.32322e-05
0.150762
5.97444e-06
1.68071e-13
Jump Error: 1.74276e-13
Total Solves: 202
Comp. Time: 10.6316
Est. Rem.: 425.32

----------------------------------------
Time step 14 at t=0.632075
0.667181
1.99827e-05
4.30134e-12
Jump Error: 8.44652e-05
0.152445
6.05807e-06
1.66194e-13
Jump Error: 1.68207e-13
Total Solves: 202
Comp. Time: 10.6195
Est. Rem.: 414.65

----------------------------------------
Time step 15 at t=0.641509
0.678028
2.49771e-05
3.67146e-12
Jump Error: 8.55343e-05
0.152982
6.06779e-06
1.70878e-13
Jump Error: 1.81893e-13
Total Solves: 202
Comp. Time: 10.509
Est. Rem.: 403.706

----------------------------------------
Time step 16 at t=0.650943
0.688155
2.09924e-05
4.96971e-12
Jump Error: 8.67871e-05
0.154708
6.13219e-06
1.70265e-13
Jump Error: 1.74519e-13
Total Solves: 202
Comp. Time: 10.535
Est. Rem.: 392.877

----------------------------------------
Time step 17 at t=0.660377
0.698998
2.62089e-05
4.29356e-12
Jump Error: 8.76519e-05
0.154991
6.09565e-06
1.68684e-13
Jump Error: 1.85232e-13
Total Solves: 202
Comp. Time: 10.5247
Est. Rem.: 382.06

----------------------------------------
Time step 18 at t=0.669811
0.708967
2.16912e-05
5.95558e-12
Jump Error: 8.86401e-05
0.156455
6.22773e-06
1.67937e-13
Jump Error: 1.77894e-13
Total Solves: 202
Comp. Time: 10.5426
Est. Rem.: 371.311

----------------------------------------
Time step 19 at t=0.679245
0.719601
2.8064e-05
4.65892e-12
Jump Error: 8.9471e-05
0.15669
6.1629e-06
1.72796e-13
Jump Error: 1.90513e-13
Total Solves: 202
Comp. Time: 10.701
Est. Rem.: 360.867

----------------------------------------
Time step 20 at t=0.688679
0.729429
2.2919e-05
6.7028e-12
Jump Error: 9.04751e-05
0.158144
6.30255e-06
1.75249e-13
Jump Error: 1.82865e-13
Total Solves: 202
Comp. Time: 10.5655
Est. Rem.: 350.174

----------------------------------------
Time step 21 at t=0.698113
0.739925
2.93536e-05
5.28356e-12
Jump Error: 9.12127e-05
0.158322
6.21768e-06
1.78414e-13
Jump Error: 1.9441e-13
Total Solves: 202
Comp. Time: 10.5707
Est. Rem.: 339.5

----------------------------------------
Time step 22 at t=0.707547
0.749572
2.43883e-05
7.45362e-12
Jump Error: 9.20698e-05
0.15962
6.31532e-06
1.72164e-13
Jump Error: 1.85796e-13
Total Solves: 202
Comp. Time: 10.5107
Est. Rem.: 328.752

----------------------------------------
Time step 23 at t=0.716981
0.759831
2.97778e-05
6.48923e-12
Jump Error: 9.25314e-05
0.159548
6.31015e-06
1.76132e-13
Jump Error: 1.60604e-13
Total Solves: 206
Comp. Time: 10.7797
Est. Rem.: 318.375

----------------------------------------
Time step 24 at t=0.726415
0.769184
2.54285e-05
8.21167e-12
Jump Error: 9.33488e-05
0.160827
6.3568e-06
1.69485e-13
Jump Error: 1.48858e-13
Total Solves: 206
Comp. Time: 10.5967
Est. Rem.: 307.744

----------------------------------------
Time step 25 at t=0.735849
0.779228
3.17411e-05
7.01549e-12
Jump Error: 9.40101e-05
0.160858
6.32757e-06
1.77692e-13
Jump Error: 1.62198e-13
Total Solves: 206
Comp. Time: 10.6475
Est. Rem.: 297.172

----------------------------------------
Time step 26 at t=0.745283
0.788391
2.62155e-05
9.18085e-12
Jump Error: 9.44039e-05
0.161791
6.44056e-06
1.71626e-13
Jump Error: 1.52254e-13
Total Solves: 206
Comp. Time: 10.6876
Est. Rem.: 286.636

----------------------------------------
Time step 27 at t=0.754717
0.798045
3.30811e-05
7.47283e-12
Jump Error: 9.48674e-05
0.161696
6.3544e-06
1.81971e-13
Jump Error: 1.65963e-13
Total Solves: 206
Comp. Time: 10.5968
Est. Rem.: 276.001

----------------------------------------
Time step 28 at t=0.764151
0.806901
2.75796e-05
1.0114e-11
Jump Error: 9.54923e-05
0.162735
6.43817e-06
1.75514e-13
Jump Error: 1.52818e-13
Total Solves: 206
Comp. Time: 10.6152
Est. Rem.: 265.385

----------------------------------------
Time step 29 at t=0.773585
0.816323
3.34903e-05
8.75194e-12
Jump Error: 9.56384e-05
0.162377
6.40928e-06
1.81847e-13
Jump Error: 1.65826e-13
Total Solves: 206
Comp. Time: 10.6375
Est. Rem.: 254.788

----------------------------------------
Time step 30 at t=0.783019
0.82477
2.86441e-05
1.06995e-11
Jump Error: 9.59572e-05
0.163213
6.44888e-06
1.72957e-13
Jump Error: 1.53957e-13
Total Solves: 206
Comp. Time: 10.693
Est. Rem.: 244.231

----------------------------------------
Time step 31 at t=0.792453
0.833794
3.47507e-05
9.39631e-12
Jump Error: 9.61865e-05
0.162865
6.43731e-06
1.88039e-13
Jump Error: 1.68575e-13
Total Solves: 206
Comp. Time: 10.7008
Est. Rem.: 233.67

----------------------------------------
Time step 32 at t=0.801887
0.841932
2.94909e-05
1.16379e-11
Jump Error: 9.64713e-05
0.163678
6.49797e-06
1.73121e-13
Jump Error: 1.55228e-13
Total Solves: 206
Comp. Time: 10.6674
Est. Rem.: 223.079

----------------------------------------
Time step 33 at t=0.811321
0.850624
3.64185e-05
9.66887e-12
Jump Error: 9.64541e-05
0.163137
6.37644e-06
1.92193e-13
Jump Error: 1.68021e-13
Total Solves: 206
Comp. Time: 10.7375
Est. Rem.: 212.526

----------------------------------------
Time step 34 at t=0.820755
0.858336
2.99681e-05
1.28035e-11
Jump Error: 9.66273e-05
0.1638
6.52738e-06
1.82318e-13
Jump Error: 1.55673e-13
Total Solves: 206
Comp. Time: 10.556
Est. Rem.: 201.86

----------------------------------------
Time step 35 at t=0.830189
0.866601
3.67914e-05
1.05504e-11
Jump Error: 9.64635e-05
0.163183
6.39599e-06
1.86228e-13
Jump Error: 1.67506e-13
Total Solves: 206
Comp. Time: 10.6614
Est. Rem.: 191.255

----------------------------------------
Time step 36 at t=0.839623
0.873918
3.12486e-05
1.33446e-11
Jump Error: 9.64187e-05
0.163675
6.4778e-06
1.80514e-13
Jump Error: 1.5441e-13
Total Solves: 206
Comp. Time: 10.6404
Est. Rem.: 180.637

----------------------------------------
Time step 37 at t=0.849057
0.881735
3.75678e-05
1.13625e-11
Jump Error: 9.61697e-05
0.162923
6.4581e-06
1.97162e-13
Jump Error: 1.69585e-13
Total Solves: 206
Comp. Time: 10.6393
Est. Rem.: 170.017

----------------------------------------
Time step 38 at t=0.858491
0.888608
3.22012e-05
1.37077e-11
Jump Error: 9.626e-05
0.163534
6.43243e-06
1.79491e-13
Jump Error: 1.532e-13
Total Solves: 206
Comp. Time: 10.6212
Est. Rem.: 159.389

----------------------------------------
Time step 39 at t=0.867925
0.896068
3.82493e-05
1.21553e-11
Jump Error: 9.58422e-05
0.162641
6.36519e-06
1.92903e-13
Jump Error: 1.65671e-13
Total Solves: 206
Comp. Time: 10.6689
Est. Rem.: 148.779

----------------------------------------
Time step 40 at t=0.877358
0.902473
3.22849e-05
1.47225e-11
Jump Error: 9.54812e-05
0.162876
6.48614e-06
1.82639e-13
Jump Error: 1.53983e-13
Total Solves: 206
Comp. Time: 10.7225
Est. Rem.: 138.183

----------------------------------------
Time step 41 at t=0.886792
0.90937
3.92051e-05
1.22456e-11
Jump Error: 9.51515e-05
0.162064
6.34175e-06
1.96027e-13
Jump Error: 1.65708e-13
Total Solves: 206
Comp. Time: 10.6453
Est. Rem.: 127.558

----------------------------------------
Time step 42 at t=0.896226
0.91539
3.31243e-05
1.53184e-11
Jump Error: 9.47408e-05
0.162184
6.41514e-06
1.8124e-13
Jump Error: 1.49703e-13
Total Solves: 206
Comp. Time: 10.7034
Est. Rem.: 116.947

----------------------------------------
Time step 43 at t=0.90566
0.921787
3.94612e-05
1.28481e-11
Jump Error: 9.3993e-05
0.161033
6.34758e-06
1.97933e-13
Jump Error: 1.6357e-13
Total Solves: 206
Comp. Time: 10.7009
Est. Rem.: 106.332

----------------------------------------
Time step 44 at t=0.915094
0.92722
3.39784e-05
1.53949e-11
Jump Error: 9.36415e-05
0.161236
6.32399e-06
1.83143e-13
Jump Error: 1.4844e-13
Total Solves: 206
Comp. Time: 10.6515
Est. Rem.: 95.7025

----------------------------------------
Time step 45 at t=0.924528
0.933207
3.95193e-05
1.38333e-11
Jump Error: 9.28028e-05
0.159948
6.2778e-06
1.98738e-13
Jump Error: 1.59853e-13
Total Solves: 206
Comp. Time: 10.6782
Est. Rem.: 85.0768

----------------------------------------
Time step 46 at t=0.933962
0.93812
3.39879e-05
1.58852e-11
Jump Error: 9.22657e-05
0.160031
6.30761e-06
1.82662e-13
Jump Error: 1.84101e-13
Total Solves: 202
Comp. Time: 10.4826
Est. Rem.: 74.4191

----------------------------------------
Time step 47 at t=0.943396
0.943592
4.03631e-05
1.36018e-11
Jump Error: 9.16179e-05
0.1589
6.18749e-06
1.96363e-13
Jump Error: 1.95171e-13
Total Solves: 202
Comp. Time: 10.5222
Est. Rem.: 63.7739

----------------------------------------
Time step 48 at t=0.95283
0.948111
3.40093e-05
1.65124e-11
Jump Error: 9.07995e-05
0.158622
6.2793e-06
1.80741e-13
Jump Error: 1.80051e-13
Total Solves: 202
Comp. Time: 10.6096
Est. Rem.: 53.1429

----------------------------------------
Time step 49 at t=0.962264
0.952937
4.03433e-05
1.36053e-11
Jump Error: 8.97445e-05
0.15722
6.12362e-06
1.9252e-13
Jump Error: 1.91202e-13
Total Solves: 202
Comp. Time: 10.3384
Est. Rem.: 42.4906

----------------------------------------
Time step 50 at t=0.971698
0.956864
3.46137e-05
1.64733e-11
Jump Error: 8.9139e-05
0.157183
6.15251e-06
1.79354e-13
Jump Error: 1.77127e-13
Total Solves: 202
Comp. Time: 10.4833
Est. Rem.: 31.8596

----------------------------------------
Time step 51 at t=0.981132
0.961318
4.02382e-05
1.43108e-11
Jump Error: 8.79125e-05
0.155532
6.04784e-06
1.9105e-13
Jump Error: 1.858e-13
Total Solves: 202
Comp. Time: 10.5967
Est. Rem.: 21.2388

----------------------------------------
Time step 52 at t=0.990566
0.964641
3.46168e-05
1.64796e-11
Jump Error: 8.71167e-05
0.155332
6.05702e-06
1.7723e-13
Jump Error: 1.71926e-13
Total Solves: 202
Comp. Time: 10.6611
Est. Rem.: 10.6202

----------------------------------------
Time step 53 at t=1
0.968527
4.02555e-05
1.44106e-11
Jump Error: 8.60376e-05
0.153766
6.01915e-06
1.92831e-13
Jump Error: 1.83159e-13
Total Solves: 202
dt = 0.00943396 h_f = 0.101015 h_s = 0.0736269 L2(T) error [fluid] = 8.67517e-05,  L2(T) error [structure] = 7.52801e-07
 L2(0,T;H1(t)) error [fluid] = 0.00359954,  Pressure error [fluid] = 0.000642818,  L2(0,T;H1(t)) errors [structure] = 3.87612e-05 L2(T) error [structure_vel] = 4.81583e-05
Comp. Time: 10.8448
Est. Rem.: 0


+---------------------------------------------+------------+------------+
| Total wallclock time elapsed since start    |       153s |            |
|                                             |            |            |
| Section                         | no. calls |  wall time | % of total |
+---------------------------------+-----------+------------+------------+
| Assemble                        |      5559 |      86.6s |        57% |
| Everything                      |         1 |       153s |     1e+02% |
| Linear Solve                    |      5240 |      54.3s |        36% |
| Setup dof system                |         1 |    0.0152s |      0.01% |
| State Solve                     |       319 |      8.55s |       5.6% |
+---------------------------------+-----------+------------+------------+

Number of active cells: fluid: 441 structure: 441
Number of degrees of freedom: 15276 (3698+484+3698+3698+3698)

----------------------------------------
Time step 1 at t=0.505155
80.8059
0.000333801
9.03976e-10
Jump Error: 1.73662e-05
0.103989
8.74574e-07
5.27935e-14
Jump Error: 8.64434e-14
Total Solves: 194
Comp. Time: 22.0833
Est. Rem.: 2120

----------------------------------------
Time step 2 at t=0.510309
0.433858
2.94973e-06
6.87673e-14
Jump Error: 1.76543e-05
0.105075
8.8572e-07
7.91166e-14
Jump Error: 8.78804e-14
Total Solves: 194
Comp. Time: 22.1299
Est. Rem.: 2100.13

----------------------------------------
Time step 3 at t=0.515464
0.438276
3.27855e-06
8.94225e-14
Jump Error: 1.77746e-05
0.105241
8.77711e-07
4.84857e-14
Jump Error: 8.85463e-14
Total Solves: 194
Comp. Time: 21.6836
Est. Rem.: 2064.77

----------------------------------------
Time step 4 at t=0.520619
0.442356
2.98759e-06
1.17457e-13
Jump Error: 1.81334e-05
0.106578
9.00864e-07
5.16265e-14
Jump Error: 9.03655e-14
Total Solves: 194
Comp. Time: 21.6221
Est. Rem.: 2034.82

----------------------------------------
Time step 5 at t=0.525773
0.446959
3.37482e-06
7.4771e-14
Jump Error: 1.82162e-05
0.106674
8.8636e-07
5.75432e-14
Jump Error: 9.08912e-14
Total Solves: 194
Comp. Time: 21.4766
Est. Rem.: 2005.52

----------------------------------------
Time step 6 at t=0.530928
0.451107
3.02165e-06
7.78756e-14
Jump Error: 1.85458e-05
0.107929
9.00879e-07
5.37798e-14
Jump Error: 9.251e-14
Total Solves: 194
Comp. Time: 21.6856
Est. Rem.: 1982

----------------------------------------
Time step 7 at t=0.536082
0.455778
3.36244e-06
7.99735e-14
Jump Error: 1.86555e-05
0.108076
8.93359e-07
7.72128e-14
Jump Error: 9.31434e-14
Total Solves: 194
Comp. Time: 21.6467
Est. Rem.: 1958.5

----------------------------------------
Time step 8 at t=0.541237
0.460019
3.11959e-06
9.67686e-14
Jump Error: 1.8974e-05
0.109254
9.08451e-07
4.52587e-14
Jump Error: 9.47105e-14
Total Solves: 194
Comp. Time: 21.6691
Est. Rem.: 1935.72

----------------------------------------
Time step 9 at t=0.546392
0.464741
3.47191e-06
1.01516e-13
Jump Error: 1.9094e-05
0.109447
9.0588e-07
4.87238e-14
Jump Error: 9.5428e-14
Total Solves: 194
Comp. Time: 21.7064
Est. Rem.: 1913.55

----------------------------------------
Time step 10 at t=0.551546
0.469068
3.20924e-06
9.55044e-14
Jump Error: 1.9383e-05
0.110524
9.17978e-07
5.34603e-14
Jump Error: 9.68507e-14
Total Solves: 194
Comp. Time: 21.6423
Est. Rem.: 1890.91

----------------------------------------
Time step 11 at t=0.556701
0.473814
3.61376e-06
8.18933e-14
Jump Error: 1.95184e-05
0.110741
9.11621e-07
4.92919e-14
Jump Error: 9.76443e-14
Total Solves: 194
Comp. Time: 21.5921
Est. Rem.: 1868.06

----------------------------------------
Time step 12 at t=0.561856
0.478209
3.28825e-06
8.35151e-14
Jump Error: 1.98114e-05
0.111827
9.24006e-07
1.05107e-13
Jump Error: 9.90678e-14
Total Solves: 194
Comp. Time: 21.4749
Est. Rem.: 1844.59

----------------------------------------
Time step 13 at t=0.56701
0.483022
3.66681e-06
1.09118e-13
Jump Error: 1.99052e-05
0.111932
9.18611e-07
5.60258e-14
Jump Error: 9.96569e-14
Total Solves: 194
Comp. Time: 21.4692
Est. Rem.: 1821.39

----------------------------------------
Time step 14 at t=0.572165
0.48742
3.34231e-06
8.09559e-14
Jump Error: 2.02217e-05
0.113082
9.32824e-07
6.08628e-14
Jump Error: 1.01201e-13
Total Solves: 194
Comp. Time: 21.4512
Est. Rem.: 1798.33

----------------------------------------
Time step 15 at t=0.57732
0.492306
3.80531e-06
8.5786e-14
Jump Error: 2.03079e-05
0.113135
9.23239e-07
6.31239e-14
Jump Error: 1.0174e-13
Total Solves: 194
Comp. Time: 21.6138
Est. Rem.: 1776.38

----------------------------------------
Time step 16 at t=0.582474
0.496725
3.41863e-06
9.20105e-14
Jump Error: 2.0611e-05
0.114238
9.42626e-07
6.61947e-14
Jump Error: 1.03215e-13
Total Solves: 194
Comp. Time: 21.7526
Est. Rem.: 1755.17

----------------------------------------
Time step 17 at t=0.587629
0.501623
3.95168e-06
7.2563e-14
Jump Error: 2.06978e-05
0.114303
9.30888e-07
5.71457e-14
Jump Error: 1.03778e-13
Total Solves: 194
Comp. Time: 21.5285
Est. Rem.: 1732.84

----------------------------------------
Time step 18 at t=0.592784
0.506077
3.51969e-06
9.29834e-14
Jump Error: 2.0996e-05
0.115376
9.48033e-07
4.97537e-14
Jump Error: 1.05223e-13
Total Solves: 194
Comp. Time: 21.7113
Est. Rem.: 1711.4

----------------------------------------
Time step 19 at t=0.597938
0.510995
4.01579e-06
9.94122e-14
Jump Error: 2.10661e-05
0.115394
9.3831e-07
9.01637e-14
Jump Error: 1.05694e-13
Total Solves: 194
Comp. Time: 21.6035
Est. Rem.: 1689.49

----------------------------------------
Time step 20 at t=0.603093
0.515448
3.62191e-06
9.86193e-14
Jump Error: 2.13604e-05
0.116447
9.51796e-07
4.59556e-14
Jump Error: 1.07107e-13
Total Solves: 194
Comp. Time: 21.5642
Est. Rem.: 1667.46

----------------------------------------
Time step 21 at t=0.608247
0.520379
4.12096e-06
9.72279e-14
Jump Error: 2.14401e-05
0.116477
9.4419e-07
5.74438e-14
Jump Error: 1.07636e-13
Total Solves: 194
Comp. Time: 21.4927
Est. Rem.: 1645.22

----------------------------------------
Time step 22 at t=0.613402
0.524853
3.66962e-06
1.08962e-13
Jump Error: 2.17021e-05
0.117446
9.61816e-07
6.09951e-14
Jump Error: 1.08882e-13
Total Solves: 194
Comp. Time: 21.5647
Est. Rem.: 1623.29

----------------------------------------
Time step 23 at t=0.618557
0.529757
4.28159e-06
8.6918e-14
Jump Error: 2.17858e-05
0.117488
9.49144e-07
1.07194e-13
Jump Error: 1.09436e-13
Total Solves: 194
Comp. Time: 21.3286
Est. Rem.: 1600.63

----------------------------------------
Time step 24 at t=0.623711
0.53424
3.80592e-06
1.21312e-13
Jump Error: 2.20701e-05
0.118487
9.65778e-07
4.07156e-14
Jump Error: 1.1079e-13
Total Solves: 194
Comp. Time: 21.107
Est. Rem.: 1577.41

----------------------------------------
Time step 25 at t=0.628866
0.539163
4.33992e-06
9.55865e-14
Jump Error: 2.21247e-05
0.11846
9.57808e-07
4.09065e-14
Jump Error: 1.11202e-13
Total Solves: 194
Comp. Time: 20.9665
Est. Rem.: 1553.95

----------------------------------------
Time step 26 at t=0.634021
0.543614
3.89276e-06
1.44405e-13
Jump Error: 2.24088e-05
0.119479
9.71454e-07
4.7337e-14
Jump Error: 1.12555e-13
Total Solves: 194
Comp. Time: 21.5287
Est. Rem.: 1532.22

----------------------------------------
Time step 27 at t=0.639175
0.548545
4.49163e-06
1.06257e-13
Jump Error: 2.24637e-05
0.119423
9.59266e-07
4.74235e-14
Jump Error: 1.12962e-13
Total Solves: 194
Comp. Time: 21.4445
Est. Rem.: 1510.29

----------------------------------------
Time step 28 at t=0.64433
0.552979
3.95082e-06
1.27945e-13
Jump Error: 2.27198e-05
0.120347
9.80614e-07
1.06567e-13
Jump Error: 1.14163e-13
Total Solves: 194
Comp. Time: 21.65
Est. Rem.: 1488.9

----------------------------------------
Time step 29 at t=0.649485
0.557854
4.62641e-06
1.05213e-13
Jump Error: 2.27544e-05
0.120254
9.63873e-07
5.30863e-14
Jump Error: 1.14481e-13
Total Solves: 194
Comp. Time: 21.6698
Est. Rem.: 1467.53

----------------------------------------
Time step 30 at t=0.654639
0.562255
4.06568e-06
1.52761e-13
Jump Error: 2.3022e-05
0.121199
9.84168e-07
8.93968e-14
Jump Error: 1.15734e-13
Total Solves: 194
Comp. Time: 21.6419
Est. Rem.: 1446.09

----------------------------------------
Time step 31 at t=0.659794
0.567125
4.71226e-06
1.14826e-13
Jump Error: 2.30534e-05
0.12109
9.72501e-07
5.01293e-14
Jump Error: 1.16034e-13
Total Solves: 194
Comp. Time: 21.5091
Est. Rem.: 1424.35

----------------------------------------
Time step 32 at t=0.664948
0.571496
4.19573e-06
1.43803e-13
Jump Error: 2.33141e-05
0.122018
9.86288e-07
5.60366e-14
Jump Error: 1.17252e-13
Total Solves: 194
Comp. Time: 21.4737
Est. Rem.: 1402.55

----------------------------------------
Time step 33 at t=0.670103
0.576335
4.83162e-06
1.32066e-13
Jump Error: 2.33436e-05
0.121896
9.74591e-07
4.57619e-14
Jump Error: 1.17544e-13
Total Solves: 194
Comp. Time: 21.5971
Est. Rem.: 1381.01

----------------------------------------
Time step 34 at t=0.675258
0.580675
4.23817e-06
1.97684e-13
Jump Error: 2.35668e-05
0.122723
9.95798e-07
5.05057e-14
Jump Error: 1.18563e-13
Total Solves: 194
Comp. Time: 21.6107
Est. Rem.: 1359.49

----------------------------------------
Time step 35 at t=0.680412
0.585439
4.98014e-06
1.29204e-13
Jump Error: 2.35953e-05
0.122602
9.77825e-07
5.16244e-14
Jump Error: 1.18855e-13
Total Solves: 194
Comp. Time: 21.6648
Est. Rem.: 1338.06

----------------------------------------
Time step 36 at t=0.685567
0.589747
4.37796e-06
1.73919e-13
Jump Error: 2.38465e-05
0.123483
9.97421e-07
4.0062e-14
Jump Error: 1.2001e-13
Total Solves: 194
Comp. Time: 21.5718
Est. Rem.: 1316.46

----------------------------------------
Time step 37 at t=0.690722
0.594501
5.04842e-06
1.40242e-13
Jump Error: 2.38431e-05
0.123282
9.85986e-07
8.60331e-14
Jump Error: 1.20147e-13
Total Solves: 194
Comp. Time: 21.3996
Est. Rem.: 1294.59

----------------------------------------
Time step 38 at t=0.695876
0.598733
4.47738e-06
1.77017e-13
Jump Error: 2.40652e-05
0.124102
1.00031e-06
4.60519e-14
Jump Error: 8.02655e-14
Total Solves: 198
Comp. Time: 21.7002
Est. Rem.: 1273.2

----------------------------------------
Time step 39 at t=0.701031
0.60342
5.19235e-06
1.49759e-13
Jump Error: 2.4073e-05
0.123909
9.86229e-07
6.13628e-14
Jump Error: 8.04181e-14
Total Solves: 198
Comp. Time: 21.8014
Est. Rem.: 1251.95

----------------------------------------
Time step 40 at t=0.706186
0.607613
4.54895e-06
1.8937e-13
Jump Error: 2.42994e-05
0.124727
1.0087e-06
4.16503e-14
Jump Error: 8.10669e-14
Total Solves: 198
Comp. Time: 21.7869
Est. Rem.: 1230.66

----------------------------------------
Time step 41 at t=0.71134
0.612252
5.32321e-06
1.54935e-13
Jump Error: 2.42811e-05
0.124487
9.87192e-07
5.64022e-14
Jump Error: 8.1137e-14
Total Solves: 198
Comp. Time: 21.6091
Est. Rem.: 1209.09

----------------------------------------
Time step 42 at t=0.716495
0.616377
4.64517e-06
2.05472e-13
Jump Error: 2.44962e-05
0.125269
1.01081e-06
8.82467e-14
Jump Error: 8.17463e-14
Total Solves: 198
Comp. Time: 21.6309
Est. Rem.: 1187.55

----------------------------------------
Time step 43 at t=0.721649
0.62095
5.40318e-06
1.6478e-13
Jump Error: 2.44705e-05
0.124999
9.95756e-07
3.96642e-14
Jump Error: 8.1796e-14
Total Solves: 198
Comp. Time: 21.786
Est. Rem.: 1166.2

----------------------------------------
Time step 44 at t=0.726804
0.625007
4.78786e-06
2.09923e-13
Jump Error: 2.46877e-05
0.125792
1.01058e-06
5.38642e-14
Jump Error: 8.24016e-14
Total Solves: 198
Comp. Time: 21.7506
Est. Rem.: 1144.79

----------------------------------------
Time step 45 at t=0.731959
0.629531
5.53241e-06
1.75488e-13
Jump Error: 2.46631e-05
0.125519
9.96488e-07
3.92043e-14
Jump Error: 8.24598e-14
Total Solves: 198
Comp. Time: 21.6617
Est. Rem.: 1123.26

----------------------------------------
Time step 46 at t=0.737113
0.633532
4.83907e-06
2.22763e-13
Jump Error: 2.48441e-05
0.126212
1.01894e-06
4.19606e-14
Jump Error: 8.29476e-14
Total Solves: 198
Comp. Time: 21.7786
Est. Rem.: 1101.86

----------------------------------------
Time step 47 at t=0.742268
0.637951
5.66014e-06
1.75293e-13
Jump Error: 2.48168e-05
0.125939
9.96211e-07
3.5668e-14
Jump Error: 8.2988e-14
Total Solves: 198
Comp. Time: 21.687
Est. Rem.: 1080.34

----------------------------------------
Time step 48 at t=0.747423
0.64189
4.95246e-06
2.36171e-13
Jump Error: 2.50194e-05
0.126675
1.01904e-06
6.69526e-14
Jump Error: 8.3539e-14
Total Solves: 198
Comp. Time: 21.8135
Est. Rem.: 1058.95

----------------------------------------
Time step 49 at t=0.752577
0.646265
5.72257e-06
1.85145e-13
Jump Error: 2.49475e-05
0.126288
1.00333e-06
9.55816e-14
Jump Error: 8.3444e-14
Total Solves: 198
Comp. Time: 21.8243
Est. Rem.: 1037.54

----------------------------------------
Time step 50 at t=0.757732
0.650084
5.05433e-06
2.44623e-13
Jump Error: 2.51194e-05
0.126958
1.0191e-06
3.59599e-14
Jump Error: 8.38906e-14
Total Solves: 198
Comp. Time: 21.6491
Est. Rem.: 1015.96

----------------------------------------
Time step 51 at t=0.762887
0.654362
5.83628e-06
2.21845e-13
Jump Error: 2.50816e-05
0.126648
1.00511e-06
8.68315e-14
Jump Error: 8.39058e-14
Total Solves: 198
Comp. Time: 21.7156
Est. Rem.: 994.434

----------------------------------------
Time step 52 at t=0.768041
0.658149
5.14244e-06
2.5873e-13
Jump Error: 2.52453e-05
0.12729
1.02659e-06
3.49229e-14
Jump Error: 8.43246e-14
Total Solves: 198
Comp. Time: 21.7914
Est. Rem.: 972.966

----------------------------------------
Time step 53 at t=0.773196
0.662343
6.00758e-06
2.09185e-13
Jump Error: 2.51644e-05
0.126873
9.99348e-07
5.32292e-14
Jump Error: 8.41918e-14
Total Solves: 198
Comp. Time: 21.6775
Est. Rem.: 951.391

----------------------------------------
Time step 54 at t=0.778351
0.666009
5.20931e-06
2.71902e-13
Jump Error: 2.53574e-05
0.127576
1.0268e-06
5.67316e-14
Jump Error: 8.47054e-14
Total Solves: 198
Comp. Time: 21.6901
Est. Rem.: 929.822

----------------------------------------
Time step 55 at t=0.783505
0.670152
6.00299e-06
2.21859e-13
Jump Error: 2.52689e-05
0.127155
1.00918e-06
3.96827e-14
Jump Error: 8.45543e-14
Total Solves: 198
Comp. Time: 21.6729
Est. Rem.: 908.236

----------------------------------------
Time step 56 at t=0.78866
0.673738
5.33803e-06
2.77511e-13
Jump Error: 2.5394e-05
0.127705
1.02408e-06
5.85638e-14
Jump Error: 8.48327e-14
Total Solves: 198
Comp. Time: 21.7452
Est. Rem.: 886.7

----------------------------------------
Time step 57 at t=0.793814
0.677738
6.17243e-06
2.29818e-13
Jump Error: 2.53215e-05
0.127292
1.00863e-06
4.40924e-14
Jump Error: 8.47375e-14
Total Solves: 198
Comp. Time: 21.7003
Est. Rem.: 865.124

----------------------------------------
Time step 58 at t=0.798969
0.68125
5.40023e-06
2.92587e-13
Jump Error: 2.54749e-05
0.127898
1.03021e-06
3.55523e-14
Jump Error: 8.51152e-14
Total Solves: 198
Comp. Time: 21.5846
Est. Rem.: 843.467

----------------------------------------
Time step 59 at t=0.804124
0.685188
6.25238e-06
2.32552e-13
Jump Error: 2.53566e-05
0.127397
1.00186e-06
4.84231e-14
Jump Error: 8.48589e-14
Total Solves: 198
Comp. Time: 21.7959
Est. Rem.: 821.948

----------------------------------------
Time step 60 at t=0.809278
0.688574
5.47267e-06
3.06476e-13
Jump Error: 2.55027e-05
0.127981
1.03092e-06
6.83373e-14
Jump Error: 8.52073e-14
Total Solves: 198
Comp. Time: 21.5822
Est. Rem.: 800.288

----------------------------------------
Time step 61 at t=0.814433
0.692421
6.31217e-06
2.46798e-13
Jump Error: 2.54048e-05
0.12752
1.01358e-06
5.34865e-14
Jump Error: 8.5029e-14
Total Solves: 198
Comp. Time: 21.7691
Est. Rem.: 778.741

----------------------------------------
Time step 62 at t=0.819588
0.695741
5.59381e-06
3.12825e-13
Jump Error: 2.55012e-05
0.127985
1.02444e-06
3.08783e-14
Jump Error: 8.52002e-14
Total Solves: 198
Comp. Time: 21.561
Est. Rem.: 757.07

----------------------------------------
Time step 63 at t=0.824742
0.699444
6.41125e-06
2.60065e-13
Jump Error: 2.53837e-05
0.127465
1.00804e-06
4.61537e-14
Jump Error: 8.49557e-14
Total Solves: 198
Comp. Time: 21.7753
Est. Rem.: 735.517

----------------------------------------
Time step 64 at t=0.829897
0.702646
5.63311e-06
3.25522e-13
Jump Error: 2.55228e-05
0.128041
1.03271e-06
2.8488e-14
Jump Error: 8.52798e-14
Total Solves: 198
Comp. Time: 21.6038
Est. Rem.: 713.87

----------------------------------------
Time step 65 at t=0.835052
0.706308
6.51922e-06
2.63346e-13
Jump Error: 2.53761e-05
0.12746
1.00259e-06
5.71776e-14
Jump Error: 8.49272e-14
Total Solves: 198
Comp. Time: 21.6527
Est. Rem.: 692.247

----------------------------------------
Time step 66 at t=0.840206
0.709393
5.71394e-06
3.38561e-13
Jump Error: 2.54826e-05
0.127933
1.03102e-06
3.47636e-14
Jump Error: 8.5141e-14
Total Solves: 198
Comp. Time: 21.6753
Est. Rem.: 670.634

----------------------------------------
Time step 67 at t=0.845361
0.712914
6.5602e-06
2.71237e-13
Jump Error: 2.53534e-05
0.127395
1.01042e-06
3.2862e-14
Jump Error: 8.48593e-14
Total Solves: 198
Comp. Time: 21.6462
Est. Rem.: 649.007

----------------------------------------
Time step 68 at t=0.850515
0.715922
5.80299e-06
3.44466e-13
Jump Error: 2.5441e-05
0.127836
1.02339e-06
8.40962e-14
Jump Error: 8.49938e-14
Total Solves: 198
Comp. Time: 21.7075
Est. Rem.: 627.405

----------------------------------------
Time step 69 at t=0.85567
0.719333
6.63576e-06
2.85261e-13
Jump Error: 2.53012e-05
0.127255
1.00741e-06
5.26415e-14
Jump Error: 8.46739e-14
Total Solves: 198
Comp. Time: 21.7128
Est. Rem.: 605.802

----------------------------------------
Time step 70 at t=0.860825
0.722224
5.83944e-06
3.57692e-13
Jump Error: 2.54021e-05
0.127733
1.03208e-06
3.15697e-14
Jump Error: 8.48659e-14
Total Solves: 198
Comp. Time: 21.7154
Est. Rem.: 584.197

----------------------------------------
Time step 71 at t=0.865979
0.725551
6.73858e-06
2.90535e-13
Jump Error: 2.52184e-05
0.127052
9.99797e-07
3.58226e-14
Jump Error: 8.43855e-14
Total Solves: 198
Comp. Time: 21.6538
Est. Rem.: 562.566

----------------------------------------
Time step 72 at t=0.871134
0.728301
5.92688e-06
3.67683e-13
Jump Error: 2.52927e-05
0.127432
1.02648e-06
3.92113e-14
Jump Error: 8.44852e-14
Total Solves: 198
Comp. Time: 21.6829
Est. Rem.: 540.945

----------------------------------------
Time step 73 at t=0.876289
0.731482
6.75676e-06
2.96301e-13
Jump Error: 2.51339e-05
0.126819
1.00594e-06
3.02755e-14
Jump Error: 8.41072e-14
Total Solves: 198
Comp. Time: 21.7811
Est. Rem.: 519.354

----------------------------------------
Time step 74 at t=0.881443
0.734155
5.98227e-06
3.71532e-13
Jump Error: 2.51881e-05
0.127178
1.0188e-06
4.55141e-14
Jump Error: 8.4124e-14
Total Solves: 198
Comp. Time: 21.7432
Est. Rem.: 497.747

----------------------------------------
Time step 75 at t=0.886598
0.737226
6.83493e-06
3.09887e-13
Jump Error: 2.5012e-05
0.126493
1.00189e-06
5.59651e-14
Jump Error: 8.36756e-14
Total Solves: 198
Comp. Time: 22.1464
Est. Rem.: 476.254

----------------------------------------
Time step 76 at t=0.891753
0.739764
6.02747e-06
3.8273e-13
Jump Error: 2.50694e-05
0.126853
1.02475e-06
3.4499e-14
Jump Error: 8.37214e-14
Total Solves: 198
Comp. Time: 21.89
Est. Rem.: 454.673

----------------------------------------
Time step 77 at t=0.896907
0.742725
6.89833e-06
3.08859e-13
Jump Error: 2.48832e-05
0.126157
9.94032e-07
4.02339e-14
Jump Error: 8.32383e-14
Total Solves: 198
Comp. Time: 21.8046
Est. Rem.: 433.061

----------------------------------------
Time step 78 at t=0.902062
0.745153
6.08048e-06
3.93998e-13
Jump Error: 2.49616e-05
0.126544
1.02289e-06
4.91465e-14
Jump Error: 8.33443e-14
Total Solves: 198
Comp. Time: 21.7027
Est. Rem.: 411.42

----------------------------------------
Time step 79 at t=0.907216
0.748018
6.92315e-06
3.15204e-13
Jump Error: 2.4733e-05
0.125763
9.97635e-07
4.65251e-14
Jump Error: 8.27214e-14
Total Solves: 198
Comp. Time: 21.6675
Est. Rem.: 389.77

----------------------------------------
Time step 80 at t=0.912371
0.750301
6.14083e-06
3.93444e-13
Jump Error: 2.47522e-05
0.126037
1.00977e-06
3.09938e-14
Jump Error: 8.2626e-14
Total Solves: 198
Comp. Time: 21.5066
Est. Rem.: 368.085

----------------------------------------
Time step 81 at t=0.917526
0.753007
6.99891e-06
3.26662e-13
Jump Error: 2.45749e-05
0.125319
9.92114e-07
3.26263e-14
Jump Error: 8.21745e-14
Total Solves: 198
Comp. Time: 21.6316
Est. Rem.: 346.429

----------------------------------------
Time step 82 at t=0.92268
0.755203
6.15473e-06
3.99897e-13
Jump Error: 2.46021e-05
0.125585
1.01702e-06
3.9614e-14
Jump Error: 8.21139e-14
Total Solves: 198
Comp. Time: 21.8388
Est. Rem.: 324.811

----------------------------------------
Time step 83 at t=0.927835
0.757792
7.00669e-06
3.30402e-13
Jump Error: 2.43882e-05
0.124835
9.8807e-07
2.5555e-14
Jump Error: 8.15291e-14
Total Solves: 198
Comp. Time: 21.6556
Est. Rem.: 303.157

----------------------------------------
Time step 84 at t=0.93299
0.759866
6.21862e-06
4.09468e-13
Jump Error: 2.44066e-05
0.125083
1.0102e-06
3.2954e-14
Jump Error: 8.1431e-14
Total Solves: 198
Comp. Time: 21.7475
Est. Rem.: 281.518

----------------------------------------
Time step 85 at t=0.938144
0.762332
7.05279e-06
3.31777e-13
Jump Error: 2.41601e-05
0.124222
9.81046e-07
4.00546e-14
Jump Error: 8.07484e-14
Total Solves: 198
Comp. Time: 21.6848
Est. Rem.: 259.867

----------------------------------------
Time step 86 at t=0.943299
0.764238
6.21603e-06
4.15598e-13
Jump Error: 2.42119e-05
0.124547
9.99347e-07
3.87957e-14
Jump Error: 8.07659e-14
Total Solves: 198
Comp. Time: 21.7405
Est. Rem.: 238.222

----------------------------------------
Time step 87 at t=0.948454
0.766624
7.0367e-06
3.50164e-13
Jump Error: 2.39691e-05
0.123673
9.8527e-07
3.08225e-14
Jump Error: 8.00843e-14
Total Solves: 198
Comp. Time: 21.7124
Est. Rem.: 216.572

----------------------------------------
Time step 88 at t=0.953608
0.768414
6.25836e-06
4.14644e-13
Jump Error: 2.39375e-05
0.123817
1.00462e-06
6.26835e-14
Jump Error: 7.98225e-14
Total Solves: 198
Comp. Time: 21.8805
Est. Rem.: 194.937

----------------------------------------
Time step 89 at t=0.958763
0.770602
7.14601e-06
3.34922e-13
Jump Error: 2.37378e-05
0.123091
9.68564e-07
2.64911e-14
Jump Error: 1.19633e-13
Total Solves: 194
Comp. Time: 21.5492
Est. Rem.: 173.268

----------------------------------------
Time step 90 at t=0.963918
0.772336
6.30186e-06
4.24315e-13
Jump Error: 2.3726e-05
0.123227
9.91009e-07
2.4587e-14
Jump Error: 1.19403e-13
Total Solves: 194
Comp. Time: 21.5407
Est. Rem.: 151.6

----------------------------------------
Time step 91 at t=0.969072
0.774402
7.08031e-06
3.55508e-13
Jump Error: 2.34623e-05
0.122288
9.73391e-07
2.50313e-14
Jump Error: 1.18202e-13
Total Solves: 194
Comp. Time: 21.5341
Est. Rem.: 129.935

----------------------------------------
Time step 92 at t=0.974227
0.775929
6.29887e-06
4.24479e-13
Jump Error: 2.34675e-05
0.122517
9.92365e-07
2.38394e-14
Jump Error: 1.18038e-13
Total Solves: 194
Comp. Time: 21.4113
Est. Rem.: 108.266

----------------------------------------
Time step 93 at t=0.979381
0.777916
7.14556e-06
3.50223e-13
Jump Error: 2.31822e-05
0.121544
9.65122e-07
3.85705e-14
Jump Error: 1.16749e-13
Total Solves: 194
Comp. Time: 21.6503
Est. Rem.: 86.6125

----------------------------------------
Time step 94 at t=0.984536
0.779303
6.31973e-06
4.25137e-13
Jump Error: 2.31827e-05
0.121729
9.7977e-07
2.32421e-14
Jump Error: 1.16583e-13
Total Solves: 194
Comp. Time: 21.5323
Est. Rem.: 64.9555

----------------------------------------
Time step 95 at t=0.989691
0.781144
7.12113e-06
3.53677e-13
Jump Error: 2.29164e-05
0.120787
9.48923e-07
2.26017e-14
Jump Error: 1.1535e-13
Total Solves: 194
Comp. Time: 21.624
Est. Rem.: 43.3031

----------------------------------------
Time step 96 at t=0.994845
0.78243
6.28149e-06
4.37811e-13
Jump Error: 2.28707e-05
0.120855
9.83537e-07
2.43106e-14
Jump Error: 1.14943e-13
Total Solves: 194
Comp. Time: 21.5595
Est. Rem.: 21.6506

----------------------------------------
Time step 97 at t=1
0.784104
7.11505e-06
3.50385e-13
Jump Error: 2.26263e-05
0.119985
9.62856e-07
2.18617e-14
Jump Error: 1.13864e-13
Total Solves: 194
dt = 0.00515464 h_f = 0.0673435 h_s = 0.0490846 L2(T) error [fluid] = 2.3133e-05,  L2(T) error [structure] = 1.99534e-07
 L2(0,T;H1(t)) error [fluid] = 0.00120542,  Pressure error [fluid] = 0.000286163,  L2(0,T;H1(t)) errors [structure] = 1.62773e-05 L2(T) error [structure_vel] = 1.65749e-05
Comp. Time: 21.5621
Est. Rem.: 0


+---------------------------------------------+------------+------------+
| Total wallclock time elapsed since start    |       581s |            |
|                                             |            |            |
| Section                         | no. calls |  wall time | % of total |
+---------------------------------+-----------+------------+------------+
| Assemble                        |      9802 |       312s |        54% |
| Everything                      |         1 |       581s |     1e+02% |
| Linear Solve                    |      9220 |       219s |        38% |
| Setup dof system                |         1 |    0.0347s |     0.006% |
| State Solve                     |       582 |      39.9s |       6.9% |
+---------------------------------+-----------+------------+------------+

Number of active cells: fluid: 961 structure: 961
Number of degrees of freedom: 32776 (7938+1024+7938+7938+7938)

----------------------------------------
Time step 1 at t=0.50289
117.956
0.000113443
7.27164e-11
Jump Error: 5.01592e-06
0.083442
1.53819e-07
1.56559e-13
Jump Error: 1.21718e-13
Total Solves: 182
Comp. Time: 44.5846
Est. Rem.: 7668.55

----------------------------------------
Time step 2 at t=0.50578
0.352849
6.63119e-07
9.89256e-14
Jump Error: 5.07818e-06
0.0840664
1.55909e-07
1.87127e-13
Jump Error: 8.20869e-14
Total Solves: 186
Comp. Time: 44.0385
Est. Rem.: 7577.28

----------------------------------------
Time step 3 at t=0.508671
0.354935
6.97588e-07
1.20595e-13
Jump Error: 5.07724e-06
0.0839762
1.54042e-07
8.05893e-14
Jump Error: 8.20693e-14
Total Solves: 186
Comp. Time: 43.9916
Est. Rem.: 7514.84

----------------------------------------
Time step 4 at t=0.511561
0.356742
6.68669e-07
1.80233e-13
Jump Error: 5.15589e-06
0.0847462
1.57218e-07
2.20119e-13
Jump Error: 8.33819e-14
Total Solves: 186
Comp. Time: 43.8547
Est. Rem.: 7455.83

----------------------------------------
Time step 5 at t=0.514451
0.358906
7.06657e-07
1.33967e-13
Jump Error: 5.15328e-06
0.0846587
1.55325e-07
9.74375e-14
Jump Error: 8.33463e-14
Total Solves: 186
Comp. Time: 43.889
Est. Rem.: 7404.05

----------------------------------------
Time step 6 at t=0.517341
0.360742
6.73828e-07
1.054e-13
Jump Error: 5.22411e-06
0.085367
1.57369e-07
9.52906e-14
Jump Error: 8.45279e-14
Total Solves: 186
Comp. Time: 43.9909
Est. Rem.: 7357.73

----------------------------------------
Time step 7 at t=0.520231
0.36291
7.05699e-07
9.94268e-14
Jump Error: 5.22761e-06
0.0853284
1.55886e-07
1.03698e-13
Jump Error: 8.45911e-14
Total Solves: 186
Comp. Time: 43.9891
Est. Rem.: 7312.03

----------------------------------------
Time step 8 at t=0.523121
0.364787
6.80563e-07
9.88995e-14
Jump Error: 5.2937e-06
0.0859803
1.57579e-07
1.67552e-13
Jump Error: 8.5691e-14
Total Solves: 186
Comp. Time: 44.0296
Est. Rem.: 7267.59

----------------------------------------
Time step 9 at t=0.526012
0.366959
7.13323e-07
1.21661e-13
Jump Error: 5.30196e-06
0.0859813
1.56612e-07
1.00888e-13
Jump Error: 8.58323e-14
Total Solves: 186
Comp. Time: 44.083
Est. Rem.: 7224.22

----------------------------------------
Time step 10 at t=0.528902
0.368874
6.86751e-07
8.04177e-14
Jump Error: 5.36657e-06
0.0866211
1.58668e-07
1.4391e-13
Jump Error: 8.69081e-14
Total Solves: 186
Comp. Time: 44.0279
Est. Rem.: 7179.81

----------------------------------------
Time step 11 at t=0.531792
0.371064
7.23035e-07
9.32543e-14
Jump Error: 5.36877e-06
0.08657
1.5761e-07
1.40158e-13
Jump Error: 8.69517e-14
Total Solves: 186
Comp. Time: 43.9391
Est. Rem.: 7134.16

----------------------------------------
Time step 12 at t=0.534682
0.372977
6.96079e-07
1.00131e-13
Jump Error: 5.44126e-06
0.0872689
1.59619e-07
1.00074e-13
Jump Error: 8.81594e-14
Total Solves: 186
Comp. Time: 44.0846
Est. Rem.: 7090.75

----------------------------------------
Time step 13 at t=0.537572
0.375213
7.36231e-07
1.89048e-13
Jump Error: 5.43999e-06
0.0871831
1.57974e-07
2.95829e-13
Jump Error: 8.81434e-14
Total Solves: 186
Comp. Time: 43.9848
Est. Rem.: 7046

----------------------------------------
Time step 14 at t=0.540462
0.377132
7.00409e-07
1.53236e-13
Jump Error: 5.50978e-06
0.0878601
1.60447e-07
1.20025e-13
Jump Error: 8.93047e-14
Total Solves: 186
Comp. Time: 44.1194
Est. Rem.: 7002.89

----------------------------------------
Time step 15 at t=0.543353
0.379378
7.43427e-07
1.19712e-13
Jump Error: 5.5102e-06
0.0877947
1.58712e-07
9.99694e-14
Jump Error: 8.93193e-14
Total Solves: 186
Comp. Time: 44.0282
Est. Rem.: 6958.69

----------------------------------------
Time step 16 at t=0.546243
0.381323
7.07707e-07
1.17079e-13
Jump Error: 5.57973e-06
0.0884625
1.60914e-07
1.49879e-13
Jump Error: 9.04755e-14
Total Solves: 186
Comp. Time: 44.0301
Est. Rem.: 6914.53

----------------------------------------
Time step 17 at t=0.549133
0.383584
7.49398e-07
1.35724e-13
Jump Error: 5.57906e-06
0.0883852
1.59509e-07
1.13546e-13
Jump Error: 9.04705e-14
Total Solves: 186
Comp. Time: 44.1309
Est. Rem.: 6871.31

----------------------------------------
Time step 18 at t=0.552023
0.385539
7.15644e-07
1.36593e-13
Jump Error: 5.64679e-06
0.0890345
1.61636e-07
8.56388e-14
Jump Error: 9.15964e-14
Total Solves: 186
Comp. Time: 43.9146
Est. Rem.: 6826.12

----------------------------------------
Time step 19 at t=0.554913
0.387809
7.61612e-07
1.72238e-13
Jump Error: 5.64947e-06
0.0889832
1.60106e-07
1.3597e-13
Jump Error: 9.16489e-14
Total Solves: 186
Comp. Time: 43.9166
Est. Rem.: 6781.09

----------------------------------------
Time step 20 at t=0.557803
0.38979
7.2135e-07
1.58774e-13
Jump Error: 5.71527e-06
0.0896133
1.6255e-07
1.49848e-13
Jump Error: 9.27417e-14
Total Solves: 186
Comp. Time: 44.0229
Est. Rem.: 6736.98

----------------------------------------
Time step 21 at t=0.560694
0.392066
7.69805e-07
9.91546e-14
Jump Error: 5.7135e-06
0.0895301
1.60931e-07
1.30226e-13
Jump Error: 9.27213e-14
Total Solves: 186
Comp. Time: 44.0452
Est. Rem.: 6693.04

----------------------------------------
Time step 22 at t=0.563584
0.394046
7.32496e-07
1.40559e-13
Jump Error: 5.78436e-06
0.090195
1.62933e-07
9.8742e-14
Jump Error: 9.38985e-14
Total Solves: 186
Comp. Time: 44.0385
Est. Rem.: 6649.04

----------------------------------------
Time step 23 at t=0.566474
0.396351
7.79255e-07
2.0766e-13
Jump Error: 5.78134e-06
0.090094
1.61288e-07
2.11785e-13
Jump Error: 9.38554e-14
Total Solves: 186
Comp. Time: 44.0434
Est. Rem.: 6605.07

----------------------------------------
Time step 24 at t=0.569364
0.398335
7.3488e-07
2.14854e-13
Jump Error: 5.84874e-06
0.0907339
1.6398e-07
2.56493e-13
Jump Error: 9.49742e-14
Total Solves: 186
Comp. Time: 44.0501
Est. Rem.: 6561.14

----------------------------------------
Time step 25 at t=0.572254
0.400641
7.90459e-07
1.57916e-13
Jump Error: 5.8462e-06
0.0906434
1.61876e-07
8.54076e-14
Jump Error: 9.4942e-14
Total Solves: 186
Comp. Time: 44.1068
Est. Rem.: 6517.53

----------------------------------------
Time step 26 at t=0.575145
0.40264
7.45128e-07
1.15801e-13
Jump Error: 5.91535e-06
0.0912867
1.6436e-07
7.43627e-14
Jump Error: 9.60882e-14
Total Solves: 186
Comp. Time: 43.9031
Est. Rem.: 6472.74

----------------------------------------
Time step 27 at t=0.578035
0.404958
7.97844e-07
8.83104e-14
Jump Error: 5.91082e-06
0.091176
1.62727e-07
1.08524e-13
Jump Error: 9.60219e-14
Total Solves: 186
Comp. Time: 44.2516
Est. Rem.: 6429.89

----------------------------------------
Time step 28 at t=0.580925
0.406956
7.53184e-07
1.2721e-13
Jump Error: 5.97782e-06
0.0918039
1.65026e-07
1.194e-13
Jump Error: 9.71343e-14
Total Solves: 186
Comp. Time: 44.2597
Est. Rem.: 6386.99

----------------------------------------
Time step 29 at t=0.583815
0.409277
8.09164e-07
1.11709e-13
Jump Error: 5.97597e-06
0.0917163
1.63109e-07
1.61486e-13
Jump Error: 9.71131e-14
Total Solves: 186
Comp. Time: 43.9829
Est. Rem.: 6342.61

----------------------------------------
Time step 30 at t=0.586705
0.411294
7.59193e-07
9.81091e-14
Jump Error: 6.04138e-06
0.0923254
1.65813e-07
1.02167e-13
Jump Error: 9.81956e-14
Total Solves: 186
Comp. Time: 44.0471
Est. Rem.: 6298.57

----------------------------------------
Time step 31 at t=0.589595
0.413614
8.19537e-07
9.93682e-14
Jump Error: 6.03618e-06
0.0922117
1.63735e-07
2.29077e-13
Jump Error: 9.81207e-14
Total Solves: 186
Comp. Time: 43.9093
Est. Rem.: 6253.9

----------------------------------------
Time step 32 at t=0.592486
0.415625
7.69839e-07
1.13989e-13
Jump Error: 6.10496e-06
0.0928445
1.66066e-07
8.25939e-14
Jump Error: 9.92608e-14
Total Solves: 186
Comp. Time: 43.939
Est. Rem.: 6209.41

----------------------------------------
Time step 33 at t=0.595376
0.417962
8.26454e-07
7.82996e-14
Jump Error: 6.09857e-06
0.0927192
1.64339e-07
9.43559e-14
Jump Error: 9.91635e-14
Total Solves: 186
Comp. Time: 43.9637
Est. Rem.: 6165.05

----------------------------------------
Time step 34 at t=0.598266
0.419973
7.74727e-07
8.74507e-14
Jump Error: 6.16427e-06
0.0933278
1.6708e-07
1.05726e-13
Jump Error: 1.00251e-13
Total Solves: 186
Comp. Time: 43.924
Est. Rem.: 6120.56

----------------------------------------
Time step 35 at t=0.601156
0.422305
8.41511e-07
2.08797e-13
Jump Error: 6.15811e-06
0.0932057
1.64601e-07
1.41855e-13
Jump Error: 1.00161e-13
Total Solves: 186
Comp. Time: 43.9897
Est. Rem.: 6076.36

----------------------------------------
Time step 36 at t=0.604046
0.424322
7.84673e-07
1.27634e-13
Jump Error: 6.22563e-06
0.0938206
1.67473e-07
7.64367e-14
Jump Error: 1.01278e-13
Total Solves: 186
Comp. Time: 44.1124
Est. Rem.: 6032.63

----------------------------------------
Time step 37 at t=0.606936
0.426661
8.48348e-07
1.54383e-13
Jump Error: 6.21661e-06
0.0936767
1.65422e-07
1.37837e-13
Jump Error: 1.01139e-13
Total Solves: 186
Comp. Time: 43.981
Est. Rem.: 5988.41

----------------------------------------
Time step 38 at t=0.609827
0.428669
7.93108e-07
8.45424e-14
Jump Error: 6.28188e-06
0.0942762
1.67877e-07
9.45683e-14
Jump Error: 1.02219e-13
Total Solves: 186
Comp. Time: 44.0645
Est. Rem.: 5944.49

----------------------------------------
Time step 39 at t=0.612717
0.431005
8.59379e-07
1.18333e-13
Jump Error: 6.27589e-06
0.0941537
1.6576e-07
2.5175e-13
Jump Error: 1.02131e-13
Total Solves: 186
Comp. Time: 44.0586
Est. Rem.: 5900.54

----------------------------------------
Time step 40 at t=0.615607
0.433025
8.00331e-07
1.08294e-13
Jump Error: 6.34035e-06
0.094741
1.68714e-07
1.0699e-13
Jump Error: 1.03196e-13
Total Solves: 186
Comp. Time: 44.1777
Est. Rem.: 5856.99

----------------------------------------
Time step 41 at t=0.618497
0.435356
8.71658e-07
1.07158e-13
Jump Error: 6.33161e-06
0.0946005
1.662e-07
1.10158e-13
Jump Error: 1.03063e-13
Total Solves: 186
Comp. Time: 43.9866
Est. Rem.: 5812.78

----------------------------------------
Time step 42 at t=0.621387
0.437369
8.10363e-07
9.35909e-14
Jump Error: 6.39896e-06
0.0952086
1.68979e-07
1.22416e-13
Jump Error: 1.04176e-13
Total Solves: 186
Comp. Time: 44.1452
Est. Rem.: 5769.09

----------------------------------------
Time step 43 at t=0.624277
0.439711
8.78338e-07
7.49831e-14
Jump Error: 6.38975e-06
0.0950629
1.66984e-07
1.56416e-13
Jump Error: 1.04036e-13
Total Solves: 186
Comp. Time: 44.0505
Est. Rem.: 5725.08

----------------------------------------
Time step 44 at t=0.627168
0.441721
8.18154e-07
1.44933e-13
Jump Error: 6.4537e-06
0.0956445
1.69661e-07
1.44817e-13
Jump Error: 1.05093e-13
Total Solves: 186
Comp. Time: 43.9766
Est. Rem.: 5680.86

----------------------------------------
Time step 45 at t=0.630058
0.44405
8.93592e-07
7.9067e-14
Jump Error: 6.44312e-06
0.095488
1.66926e-07
1.99759e-13
Jump Error: 1.0493e-13
Total Solves: 186
Comp. Time: 44.0412
Est. Rem.: 5636.83

----------------------------------------
Time step 46 at t=0.632948
0.446054
8.25571e-07
1.04192e-13
Jump Error: 6.50809e-06
0.0960708
1.70265e-07
1.3207e-13
Jump Error: 1.06001e-13
Total Solves: 186
Comp. Time: 44.2347
Est. Rem.: 5593.34

----------------------------------------
Time step 47 at t=0.635838
0.448382
9.01037e-07
1.52586e-13
Jump Error: 6.49467e-06
0.0958948
1.67717e-07
1.10789e-13
Jump Error: 1.05793e-13
Total Solves: 186
Comp. Time: 44.141
Est. Rem.: 5549.56

----------------------------------------
Time step 48 at t=0.638728
0.450375
8.36098e-07
2.10398e-13
Jump Error: 6.55847e-06
0.0964694
1.70368e-07
9.16027e-14
Jump Error: 1.06845e-13
Total Solves: 186
Comp. Time: 43.9991
Est. Rem.: 5505.4

----------------------------------------
Time step 49 at t=0.641618
0.452697
9.1173e-07
1.93891e-13
Jump Error: 6.54893e-06
0.0963194
1.68133e-07
1.56459e-13
Jump Error: 1.06698e-13
Total Solves: 186
Comp. Time: 44.1308
Est. Rem.: 5461.58

----------------------------------------
Time step 50 at t=0.644509
0.454698
8.43656e-07
1.51581e-13
Jump Error: 6.6117e-06
0.0968833
1.71303e-07
7.81144e-14
Jump Error: 1.07733e-13
Total Solves: 186
Comp. Time: 44.0911
Est. Rem.: 5417.65

----------------------------------------
Time step 51 at t=0.647399
0.457011
9.2567e-07
8.42712e-14
Jump Error: 6.59755e-06
0.0967025
1.68275e-07
2.14448e-13
Jump Error: 1.07514e-13
Total Solves: 186
Comp. Time: 44.1886
Est. Rem.: 5373.94

----------------------------------------
Time step 52 at t=0.650289
0.458994
8.5294e-07
8.49944e-14
Jump Error: 6.66077e-06
0.0972658
1.71463e-07
7.96161e-14
Jump Error: 1.08556e-13
Total Solves: 186
Comp. Time: 43.9639
Est. Rem.: 5329.7

----------------------------------------
Time step 53 at t=0.653179
0.461304
9.31623e-07
1.20639e-13
Jump Error: 6.64681e-06
0.0970852
1.69146e-07
8.75363e-14
Jump Error: 1.08337e-13
Total Solves: 186
Comp. Time: 44.0938
Est. Rem.: 5285.76

----------------------------------------
Time step 54 at t=0.656069
0.463281
8.63021e-07
1.44044e-13
Jump Error: 6.70887e-06
0.097641
1.71846e-07
1.12522e-13
Jump Error: 1.0936e-13
Total Solves: 186
Comp. Time: 44.0678
Est. Rem.: 5241.75

----------------------------------------
Time step 55 at t=0.65896
0.465581
9.46512e-07
9.27636e-14
Jump Error: 6.69499e-06
0.0974587
1.68956e-07
1.56287e-13
Jump Error: 1.09144e-13
Total Solves: 186
Comp. Time: 43.9898
Est. Rem.: 5197.58

----------------------------------------
Time step 56 at t=0.66185
0.467552
8.68648e-07
1.82855e-13
Jump Error: 6.75771e-06
0.098015
1.72727e-07
1.80907e-13
Jump Error: 1.10175e-13
Total Solves: 186
Comp. Time: 44.11
Est. Rem.: 5153.66

----------------------------------------
Time step 57 at t=0.66474
0.469846
9.55584e-07
8.24722e-14
Jump Error: 6.73955e-06
0.0978067
1.69666e-07
1.03789e-13
Jump Error: 1.09889e-13
Total Solves: 186
Comp. Time: 43.979
Est. Rem.: 5109.47

----------------------------------------
Time step 58 at t=0.66763
0.471798
8.81534e-07
7.73379e-14
Jump Error: 6.8008e-06
0.0983498
1.7257e-07
1.29413e-13
Jump Error: 1.10898e-13
Total Solves: 186
Comp. Time: 43.9915
Est. Rem.: 5065.32

----------------------------------------
Time step 59 at t=0.67052
0.474079
9.66138e-07
1.09323e-13
Jump Error: 6.78699e-06
0.098167
1.70124e-07
1.34698e-13
Jump Error: 1.10682e-13
Total Solves: 186
Comp. Time: 44.0142
Est. Rem.: 5021.21

----------------------------------------
Time step 60 at t=0.67341
0.476034
8.88156e-07
9.53218e-14
Jump Error: 6.84711e-06
0.0987034
1.73436e-07
6.68133e-14
Jump Error: 1.1167e-13
Total Solves: 186
Comp. Time: 44.3475
Est. Rem.: 4977.73

----------------------------------------
Time step 61 at t=0.676301
0.478304
9.79128e-07
1.06955e-13
Jump Error: 6.82757e-06
0.0984847
1.7004e-07
7.67355e-14
Jump Error: 1.11363e-13
Total Solves: 186
Comp. Time: 43.9994
Est. Rem.: 4933.59

----------------------------------------
Time step 62 at t=0.679191
0.480235
8.98015e-07
7.71869e-14
Jump Error: 6.88808e-06
0.0990168
1.73626e-07
1.54887e-13
Jump Error: 1.12357e-13
Total Solves: 186
Comp. Time: 43.9414
Est. Rem.: 4889.34

----------------------------------------
Time step 63 at t=0.682081
0.482495
9.86994e-07
1.71623e-13
Jump Error: 6.87137e-06
0.0988156
1.70878e-07
1.13485e-13
Jump Error: 1.12094e-13
Total Solves: 186
Comp. Time: 43.9686
Est. Rem.: 4845.15

----------------------------------------
Time step 64 at t=0.684971
0.484423
9.07989e-07
1.25196e-13
Jump Error: 6.93067e-06
0.0993429
1.73795e-07
1.17592e-13
Jump Error: 1.13068e-13
Total Solves: 186
Comp. Time: 44.1474
Est. Rem.: 4801.28

----------------------------------------
Time step 65 at t=0.687861
0.486671
9.9956e-07
8.37179e-14
Jump Error: 6.9102e-06
0.0991143
1.70814e-07
6.1655e-14
Jump Error: 1.12744e-13
Total Solves: 186
Comp. Time: 44.1219
Est. Rem.: 4757.35

----------------------------------------
Time step 66 at t=0.690751
0.488578
9.15156e-07
1.69707e-13
Jump Error: 6.96944e-06
0.0996352
1.7473e-07
6.86787e-14
Jump Error: 1.13716e-13
Total Solves: 186
Comp. Time: 44.0081
Est. Rem.: 4713.24

----------------------------------------
Time step 67 at t=0.693642
0.490812
1.01146e-06
7.96513e-14
Jump Error: 6.94918e-06
0.099411
1.71166e-07
1.1084e-13
Jump Error: 1.13397e-13
Total Solves: 186
Comp. Time: 44.0819
Est. Rem.: 4669.24

----------------------------------------
Time step 68 at t=0.696532
0.492709
9.26586e-07
1.08104e-13
Jump Error: 7.00841e-06
0.0999316
1.74513e-07
1.29062e-13
Jump Error: 1.14368e-13
Total Solves: 186
Comp. Time: 44.0869
Est. Rem.: 4625.25

----------------------------------------
Time step 69 at t=0.699422
0.494932
1.01992e-06
1.42669e-13
Jump Error: 6.98719e-06
0.0996976
1.71748e-07
8.47236e-14
Jump Error: 1.14031e-13
Total Solves: 186
Comp. Time: 44.1289
Est. Rem.: 4581.32

----------------------------------------
Time step 70 at t=0.702312
0.496813
9.34335e-07
1.76218e-13
Jump Error: 7.04302e-06
0.100194
1.75137e-07
1.08377e-13
Jump Error: 1.14947e-13
Total Solves: 186
Comp. Time: 44.1428
Est. Rem.: 4537.4

----------------------------------------
Time step 71 at t=0.705202
0.499014
1.03299e-06
7.68324e-14
Jump Error: 7.02143e-06
0.0999589
1.71547e-07
7.0328e-14
Jump Error: 1.14606e-13
Total Solves: 186
Comp. Time: 44.1604
Est. Rem.: 4493.5

----------------------------------------
Time step 72 at t=0.708092
0.500882
9.43517e-07
1.47107e-13
Jump Error: 7.08038e-06
0.100472
1.75463e-07
7.76919e-14
Jump Error: 1.15571e-13
Total Solves: 186
Comp. Time: 44.1283
Est. Rem.: 4449.55

----------------------------------------
Time step 73 at t=0.710983
0.503077
1.04134e-06
6.19959e-14
Jump Error: 7.05625e-06
0.10022
1.72171e-07
8.23544e-14
Jump Error: 1.15187e-13
Total Solves: 186
Comp. Time: 44.2691
Est. Rem.: 4405.79

----------------------------------------
Time step 74 at t=0.713873
0.504925
9.52797e-07
7.42371e-14
Jump Error: 7.1101e-06
0.100701
1.75448e-07
1.02787e-13
Jump Error: 1.1607e-13
Total Solves: 186
Comp. Time: 43.9468
Est. Rem.: 4361.59

----------------------------------------
Time step 75 at t=0.716763
0.507092
1.05227e-06
9.29605e-14
Jump Error: 7.08776e-06
0.100458
1.72376e-07
1.60023e-13
Jump Error: 1.15715e-13
Total Solves: 186
Comp. Time: 44.1287
Est. Rem.: 4317.62

----------------------------------------
Time step 76 at t=0.719653
0.50893
9.62293e-07
1.6566e-13
Jump Error: 7.14589e-06
0.100965
1.7626e-07
9.12643e-14
Jump Error: 1.16665e-13
Total Solves: 186
Comp. Time: 44.0441
Est. Rem.: 4273.55

----------------------------------------
Time step 77 at t=0.722543
0.511095
1.06676e-06
1.28866e-13
Jump Error: 7.11814e-06
0.100688
1.72298e-07
8.23228e-14
Jump Error: 1.16222e-13
Total Solves: 186
Comp. Time: 44.0738
Est. Rem.: 4229.51

----------------------------------------
Time step 78 at t=0.725434
0.512904
9.7293e-07
1.17634e-13
Jump Error: 7.17252e-06
0.101166
1.76211e-07
1.2777e-13
Jump Error: 1.17112e-13
Total Solves: 186
Comp. Time: 44.1375
Est. Rem.: 4185.55

----------------------------------------
Time step 79 at t=0.728324
0.515041
1.07459e-06
9.78002e-14
Jump Error: 7.1504e-06
0.100926
1.73078e-07
8.8057e-14
Jump Error: 1.16762e-13
Total Solves: 186
Comp. Time: 44.1473
Est. Rem.: 4141.6

----------------------------------------
Time step 80 at t=0.731214
0.516851
9.81233e-07
8.62667e-14
Jump Error: 7.20481e-06
0.101406
1.76403e-07
6.71549e-14
Jump Error: 1.17652e-13
Total Solves: 186
Comp. Time: 44.069
Est. Rem.: 4097.55

----------------------------------------
Time step 81 at t=0.734104
0.518974
1.08509e-06
1.03821e-13
Jump Error: 7.17495e-06
0.101113
1.72607e-07
9.10937e-14
Jump Error: 1.17175e-13
Total Solves: 186
Comp. Time: 44.1663
Est. Rem.: 4053.61

----------------------------------------
Time step 82 at t=0.736994
0.520744
9.8703e-07
9.04848e-14
Jump Error: 7.22971e-06
0.10159
1.76998e-07
6.99332e-14
Jump Error: 1.1807e-13
Total Solves: 186
Comp. Time: 44.1549
Est. Rem.: 4009.66

----------------------------------------
Time step 83 at t=0.739884
0.522849
1.09288e-06
1.37375e-13
Jump Error: 7.20402e-06
0.10133
1.73367e-07
8.88973e-14
Jump Error: 1.17659e-13
Total Solves: 186
Comp. Time: 44.1161
Est. Rem.: 3965.65

----------------------------------------
Time step 84 at t=0.742775
0.524618
9.99713e-07
1.03898e-13
Jump Error: 7.25313e-06
0.101771
1.76896e-07
9.58156e-14
Jump Error: 1.18459e-13
Total Solves: 186
Comp. Time: 44.1072
Est. Rem.: 3921.64

----------------------------------------
Time step 85 at t=0.745665
0.526692
1.10926e-06
8.38686e-14
Jump Error: 7.22268e-06
0.101469
1.73523e-07
8.22097e-14
Jump Error: 1.17971e-13
Total Solves: 186
Comp. Time: 43.9766
Est. Rem.: 3877.48

----------------------------------------
Time step 86 at t=0.748555
0.528425
1.01022e-06
1.4782e-13
Jump Error: 7.27894e-06
0.101953
1.77361e-07
6.5615e-14
Jump Error: 1.18892e-13
Total Solves: 186
Comp. Time: 43.9806
Est. Rem.: 3833.34

----------------------------------------
Time step 87 at t=0.751445
0.5305
1.11546e-06
7.83706e-14
Jump Error: 7.24903e-06
0.101662
1.73074e-07
1.39856e-13
Jump Error: 1.18415e-13
Total Solves: 186
Comp. Time: 44.0172
Est. Rem.: 3789.23

----------------------------------------
Time step 88 at t=0.754335
0.53222
1.01338e-06
1.1608e-13
Jump Error: 7.2975e-06
0.102098
1.77491e-07
7.30942e-14
Jump Error: 1.19202e-13
Total Solves: 186
Comp. Time: 44.1712
Est. Rem.: 3745.28

----------------------------------------
Time step 89 at t=0.757225
0.534255
1.12544e-06
1.3483e-13
Jump Error: 7.2692e-06
0.101816
1.7408e-07
1.03901e-13
Jump Error: 1.18747e-13
Total Solves: 186
Comp. Time: 44.0276
Est. Rem.: 3701.18

----------------------------------------
Time step 90 at t=0.760116
0.535963
1.02818e-06
8.96495e-14
Jump Error: 7.32211e-06
0.102277
1.77521e-07
1.11178e-13
Jump Error: 1.19612e-13
Total Solves: 186
Comp. Time: 43.867
Est. Rem.: 3656.94

----------------------------------------
Time step 91 at t=0.763006
0.537992
1.1377e-06
8.67253e-14
Jump Error: 7.28715e-06
0.101946
1.73522e-07
6.99588e-14
Jump Error: 1.19052e-13
Total Solves: 186
Comp. Time: 44.197
Est. Rem.: 3613.01

----------------------------------------
Time step 92 at t=0.765896
0.539658
1.03234e-06
1.23943e-13
Jump Error: 7.33532e-06
0.102375
1.78153e-07
6.59685e-14
Jump Error: 1.19834e-13
Total Solves: 186
Comp. Time: 44.0365
Est. Rem.: 3568.93

----------------------------------------
Time step 93 at t=0.768786
0.541653
1.14558e-06
6.9962e-14
Jump Error: 7.30493e-06
0.102081
1.74097e-07
1.16577e-13
Jump Error: 1.19347e-13
Total Solves: 186
Comp. Time: 44.0658
Est. Rem.: 3524.87

----------------------------------------
Time step 94 at t=0.771676
0.543317
1.045e-06
6.9926e-14
Jump Error: 7.35346e-06
0.102509
1.77771e-07
8.70513e-14
Jump Error: 1.20139e-13
Total Solves: 186
Comp. Time: 44.4072
Est. Rem.: 3481.1

----------------------------------------
Time step 95 at t=0.774566
0.545293
1.15654e-06
1.33546e-13
Jump Error: 7.31956e-06
0.102187
1.74081e-07
7.06992e-14
Jump Error: 1.19594e-13
Total Solves: 186
Comp. Time: 44.1362
Est. Rem.: 3437.09

----------------------------------------
Time step 96 at t=0.777457
0.546924
1.05087e-06
1.01228e-13
Jump Error: 7.3696e-06
0.10263
1.78228e-07
1.71576e-13
Jump Error: 1.20405e-13
Total Solves: 186
Comp. Time: 44.1203
Est. Rem.: 3393.07

----------------------------------------
Time step 97 at t=0.780347
0.548886
1.16673e-06
6.02443e-14
Jump Error: 7.33467e-06
0.102301
1.73944e-07
8.67912e-14
Jump Error: 1.19845e-13
Total Solves: 186
Comp. Time: 44.0687
Est. Rem.: 3349.01

----------------------------------------
Time step 98 at t=0.783237
0.550496
1.06106e-06
6.55087e-14
Jump Error: 7.38077e-06
0.102708
1.78426e-07
1.17267e-13
Jump Error: 1.20596e-13
Total Solves: 186
Comp. Time: 44.0158
Est. Rem.: 3304.9

----------------------------------------
Time step 99 at t=0.786127
0.552421
1.17308e-06
8.44409e-14
Jump Error: 7.34407e-06
0.102369
1.7438e-07
1.45927e-13
Jump Error: 1.20004e-13
Total Solves: 186
Comp. Time: 44.122
Est. Rem.: 3260.88

----------------------------------------
Time step 100 at t=0.789017
0.554004
1.06706e-06
8.09263e-14
Jump Error: 7.39114e-06
0.10279
1.78294e-07
1.903e-13
Jump Error: 1.20765e-13
Total Solves: 186
Comp. Time: 44.1448
Est. Rem.: 3216.87

----------------------------------------
Time step 101 at t=0.791908
0.555915
1.18692e-06
7.9338e-14
Jump Error: 7.35754e-06
0.102469
1.74401e-07
1.00072e-13
Jump Error: 1.20227e-13
Total Solves: 186
Comp. Time: 44.1348
Est. Rem.: 3172.85

----------------------------------------
Time step 102 at t=0.794798
0.557487
1.07838e-06
7.10238e-14
Jump Error: 7.40248e-06
0.102869
1.7876e-07
6.02198e-14
Jump Error: 1.20958e-13
Total Solves: 186
Comp. Time: 43.9116
Est. Rem.: 3128.68

----------------------------------------
Time step 103 at t=0.797688
0.559367
1.19301e-06
1.62155e-13
Jump Error: 7.36248e-06
0.102508
1.74109e-07
7.93407e-14
Jump Error: 1.20312e-13
Total Solves: 186
Comp. Time: 43.9614
Est. Rem.: 3084.54

----------------------------------------
Time step 104 at t=0.800578
0.560897
1.08545e-06
5.7825e-14
Jump Error: 7.40956e-06
0.102923
1.785e-07
1.00137e-13
Jump Error: 1.21074e-13
Total Solves: 186
Comp. Time: 44.1749
Est. Rem.: 3040.55

----------------------------------------
Time step 105 at t=0.803468
0.562763
1.20283e-06
7.0364e-14
Jump Error: 7.37042e-06
0.102564
1.74659e-07
8.63584e-14
Jump Error: 1.20444e-13
Total Solves: 186
Comp. Time: 43.9982
Est. Rem.: 2996.44

----------------------------------------
Time step 106 at t=0.806358
0.564273
1.09198e-06
1.16168e-13
Jump Error: 7.41155e-06
0.10294
1.78608e-07
1.20647e-13
Jump Error: 1.21109e-13
Total Solves: 186
Comp. Time: 43.9844
Est. Rem.: 2952.32

----------------------------------------
Time step 107 at t=0.809249
0.566098
1.21274e-06
7.20873e-14
Jump Error: 7.37807e-06
0.102621
1.7427e-07
8.90286e-14
Jump Error: 1.2057e-13
Total Solves: 186
Comp. Time: 44.2041
Est. Rem.: 2908.35

----------------------------------------
Time step 108 at t=0.812139
0.567604
1.10218e-06
8.42812e-14
Jump Error: 7.42165e-06
0.103009
1.78992e-07
1.62858e-13
Jump Error: 1.21276e-13
Total Solves: 186
Comp. Time: 44.4294
Est. Rem.: 2864.5

----------------------------------------
Time step 109 at t=0.815029
0.569412
1.21796e-06
1.10911e-13
Jump Error: 7.37305e-06
0.102586
1.74479e-07
5.41887e-14
Jump Error: 1.20491e-13
Total Solves: 186
Comp. Time: 43.9169
Est. Rem.: 2820.34

----------------------------------------
Time step 110 at t=0.817919
0.570848
1.10813e-06
7.18645e-14
Jump Error: 7.42002e-06
0.103002
1.78765e-07
9.05875e-14
Jump Error: 1.21248e-13
Total Solves: 186
Comp. Time: 44.012
Est. Rem.: 2776.24

----------------------------------------
Time step 111 at t=0.820809
0.572645
1.23158e-06
6.46248e-14
Jump Error: 7.3825e-06
0.102652
1.74532e-07
7.58022e-14
Jump Error: 1.20644e-13
Total Solves: 186
Comp. Time: 44.253
Est. Rem.: 2732.28

----------------------------------------
Time step 112 at t=0.823699
0.574091
1.1164e-06
1.42736e-13
Jump Error: 7.41792e-06
0.102984
1.78814e-07
8.84961e-14
Jump Error: 1.21216e-13
Total Solves: 186
Comp. Time: 44.1035
Est. Rem.: 2688.23

----------------------------------------
Time step 113 at t=0.82659
0.575827
1.2358e-06
7.29879e-14
Jump Error: 7.37961e-06
0.102635
1.74375e-07
5.06846e-14
Jump Error: 1.20597e-13
Total Solves: 186
Comp. Time: 44.2989
Est. Rem.: 2644.28

----------------------------------------
Time step 114 at t=0.82948
0.577249
1.12443e-06
1.25274e-13
Jump Error: 7.42083e-06
0.103008
1.78896e-07
1.22958e-13
Jump Error: 1.21262e-13
Total Solves: 186
Comp. Time: 43.9929
Est. Rem.: 2600.17

----------------------------------------
Time step 115 at t=0.83237
0.578979
1.24553e-06
7.39908e-14
Jump Error: 7.37142e-06
0.102575
1.74396e-07
1.9855e-13
Jump Error: 1.20465e-13
Total Solves: 186
Comp. Time: 43.93
Est. Rem.: 2556.03

----------------------------------------
Time step 116 at t=0.83526
0.580341
1.13091e-06
6.11137e-14
Jump Error: 7.41763e-06
0.102983
1.78855e-07
4.97238e-14
Jump Error: 1.21209e-13
Total Solves: 186
Comp. Time: 44.1281
Est. Rem.: 2511.98

----------------------------------------
Time step 117 at t=0.83815
0.582061
1.25241e-06
6.26451e-14
Jump Error: 7.37609e-06
0.102609
1.74364e-07
6.16986e-14
Jump Error: 1.20537e-13
Total Solves: 186
Comp. Time: 44.1484
Est. Rem.: 2467.95

----------------------------------------
Time step 118 at t=0.84104
0.583425
1.13813e-06
1.11511e-13
Jump Error: 7.40969e-06
0.102927
1.78888e-07
6.2627e-14
Jump Error: 1.21078e-13
Total Solves: 186
Comp. Time: 43.8405
Est. Rem.: 2423.77

----------------------------------------
Time step 119 at t=0.843931
0.585081
1.26237e-06
6.02813e-14
Jump Error: 7.36729e-06
0.102546
1.74297e-07
1.11777e-13
Jump Error: 1.20393e-13
Total Solves: 186
Comp. Time: 44.1322
Est. Rem.: 2379.74

----------------------------------------
Time step 120 at t=0.846821
0.586416
1.14533e-06
1.28624e-13
Jump Error: 7.40457e-06
0.102893
1.78604e-07
6.86758e-14
Jump Error: 1.20992e-13
Total Solves: 186
Comp. Time: 43.9703
Est. Rem.: 2335.62

----------------------------------------
Time step 121 at t=0.849711
0.58806
1.26626e-06
8.32161e-14
Jump Error: 7.3595e-06
0.102487
1.7435e-07
1.30101e-13
Jump Error: 1.20263e-13
Total Solves: 186
Comp. Time: 44.0351
Est. Rem.: 2291.54

----------------------------------------
Time step 122 at t=0.852601
0.589359
1.15134e-06
9.30004e-14
Jump Error: 7.40105e-06
0.102856
1.79242e-07
8.27091e-14
Jump Error: 1.2093e-13
Total Solves: 186
Comp. Time: 43.9741
Est. Rem.: 2247.43

----------------------------------------
Time step 123 at t=0.855491
0.590987
1.27608e-06
5.7917e-14
Jump Error: 7.34669e-06
0.102395
1.74004e-07
1.89795e-13
Jump Error: 1.20047e-13
Total Solves: 186
Comp. Time: 44.2329
Est. Rem.: 2203.43

----------------------------------------
Time step 124 at t=0.858382
0.592236
1.15956e-06
8.88385e-14
Jump Error: 7.38227e-06
0.102732
1.78287e-07
7.35424e-14
Jump Error: 1.2062e-13
Total Solves: 186
Comp. Time: 44.2439
Est. Rem.: 2159.43

----------------------------------------
Time step 125 at t=0.861272
0.593824
1.28252e-06
8.41393e-14
Jump Error: 7.33987e-06
0.102348
1.73908e-07
5.59203e-14
Jump Error: 1.19937e-13
Total Solves: 186
Comp. Time: 44.0573
Est. Rem.: 2115.36

----------------------------------------
Time step 126 at t=0.864162
0.595081
1.16214e-06
6.9589e-14
Jump Error: 7.37063e-06
0.102642
1.7859e-07
1.09234e-13
Jump Error: 1.20426e-13
Total Solves: 186
Comp. Time: 44.2559
Est. Rem.: 2071.36

----------------------------------------
Time step 127 at t=0.867052
0.596623
1.28954e-06
6.17443e-14
Jump Error: 7.32632e-06
0.102236
1.74372e-07
5.93693e-14
Jump Error: 1.19703e-13
Total Solves: 186
Comp. Time: 43.813
Est. Rem.: 2027.19

----------------------------------------
Time step 128 at t=0.869942
0.597844
1.17478e-06
9.13391e-14
Jump Error: 7.36182e-06
0.102568
1.78855e-07
1.21688e-13
Jump Error: 1.20271e-13
Total Solves: 186
Comp. Time: 44.1955
Est. Rem.: 1983.17

----------------------------------------
Time step 129 at t=0.872832
0.599377
1.29359e-06
1.1216e-13
Jump Error: 7.30544e-06
0.102101
1.73346e-07
9.94953e-14
Jump Error: 1.19362e-13
Total Solves: 186
Comp. Time: 44.0856
Est. Rem.: 1939.1

----------------------------------------
Time step 130 at t=0.875723
0.600545
1.17398e-06
7.41905e-14
Jump Error: 7.34581e-06
0.102467
1.77949e-07
5.58697e-14
Jump Error: 1.20011e-13
Total Solves: 186
Comp. Time: 44.0646
Est. Rem.: 1895.03

----------------------------------------
Time step 131 at t=0.878613
0.602064
1.30409e-06
5.4028e-14
Jump Error: 7.29534e-06
0.102013
1.73533e-07
5.51481e-14
Jump Error: 1.19191e-13
Total Solves: 186
Comp. Time: 44.0457
Est. Rem.: 1850.95

----------------------------------------
Time step 132 at t=0.881503
0.603211
1.18296e-06
1.32977e-13
Jump Error: 7.32314e-06
0.102283
1.78614e-07
8.77642e-14
Jump Error: 1.19627e-13
Total Solves: 186
Comp. Time: 43.9016
Est. Rem.: 1806.83

----------------------------------------
Time step 133 at t=0.884393
0.604662
1.30686e-06
1.04125e-13
Jump Error: 7.27651e-06
0.101874
1.73911e-07
5.47516e-14
Jump Error: 1.18869e-13
Total Solves: 186
Comp. Time: 44.0522
Est. Rem.: 1762.75

----------------------------------------
Time step 134 at t=0.887283
0.605801
1.18876e-06
5.05465e-14
Jump Error: 7.30547e-06
0.102169
1.77879e-07
1.22656e-13
Jump Error: 1.19335e-13
Total Solves: 186
Comp. Time: 44.0152
Est. Rem.: 1718.67

----------------------------------------
Time step 135 at t=0.890173
0.607235
1.31336e-06
6.95983e-14
Jump Error: 7.25398e-06
0.10172
1.72759e-07
9.71557e-14
Jump Error: 1.18504e-13
Total Solves: 186
Comp. Time: 44.1459
Est. Rem.: 1674.62

----------------------------------------
Time step 136 at t=0.893064
0.608329
1.19302e-06
9.04828e-14
Jump Error: 7.28704e-06
0.102021
1.77568e-07
5.25064e-14
Jump Error: 1.19025e-13
Total Solves: 186
Comp. Time: 43.9637
Est. Rem.: 1630.53

----------------------------------------
Time step 137 at t=0.895954
0.609737
1.31777e-06
1.99135e-13
Jump Error: 7.23135e-06
0.101535
1.73398e-07
6.89727e-14
Jump Error: 1.18116e-13
Total Solves: 186
Comp. Time: 43.9941
Est. Rem.: 1586.44

----------------------------------------
Time step 138 at t=0.898844
0.610788
1.1969e-06
6.97885e-14
Jump Error: 7.26727e-06
0.101876
1.78726e-07
5.73808e-14
Jump Error: 1.1869e-13
Total Solves: 186
Comp. Time: 43.937
Est. Rem.: 1542.34

----------------------------------------
Time step 139 at t=0.901734
0.612186
1.3269e-06
1.01595e-13
Jump Error: 7.20902e-06
0.101389
1.72646e-07
1.42351e-13
Jump Error: 1.1775e-13
Total Solves: 186
Comp. Time: 44.2165
Est. Rem.: 1498.31

----------------------------------------
Time step 140 at t=0.904624
0.613207
1.20669e-06
1.25206e-13
Jump Error: 7.23239e-06
0.101627
1.76336e-07
4.71821e-14
Jump Error: 1.18118e-13
Total Solves: 186
Comp. Time: 44.1583
Est. Rem.: 1454.26

----------------------------------------
Time step 141 at t=0.907514
0.614531
1.32743e-06
8.66311e-14
Jump Error: 7.18789e-06
0.10121
1.72464e-07
7.08003e-14
Jump Error: 1.1739e-13
Total Solves: 186
Comp. Time: 44.1138
Est. Rem.: 1410.2

----------------------------------------
Time step 142 at t=0.910405
0.615555
1.20285e-06
7.58519e-14
Jump Error: 7.21448e-06
0.101483
1.7793e-07
9.12355e-14
Jump Error: 1.17806e-13
Total Solves: 186
Comp. Time: 44.6087
Est. Rem.: 1366.25

----------------------------------------
Time step 143 at t=0.913295
0.616866
1.33401e-06
1.35727e-13
Jump Error: 7.1556e-06
0.100988
1.72948e-07
1.02994e-13
Jump Error: 1.16853e-13
Total Solves: 186
Comp. Time: 44.0531
Est. Rem.: 1322.17

----------------------------------------
Time step 144 at t=0.916185
0.617827
1.21903e-06
5.00879e-14
Jump Error: 7.18514e-06
0.101271
1.76928e-07
4.63983e-14
Jump Error: 1.17324e-13
Total Solves: 186
Comp. Time: 44.0724
Est. Rem.: 1278.1

----------------------------------------
Time step 145 at t=0.919075
0.619112
1.34135e-06
9.38388e-14
Jump Error: 7.1265e-06
0.100763
1.71168e-07
6.20049e-14
Jump Error: 1.1637e-13
Total Solves: 186
Comp. Time: 44.2426
Est. Rem.: 1234.06

----------------------------------------
Time step 146 at t=0.921965
0.620039
1.2112e-06
5.86803e-14
Jump Error: 7.1577e-06
0.10106
1.76678e-07
6.01774e-14
Jump Error: 1.16858e-13
Total Solves: 186
Comp. Time: 44.1292
Est. Rem.: 1190

----------------------------------------
Time step 147 at t=0.924855
0.621302
1.33815e-06
8.29271e-14
Jump Error: 7.09899e-06
0.100555
1.72653e-07
9.4658e-14
Jump Error: 1.15902e-13
Total Solves: 186
Comp. Time: 43.8951
Est. Rem.: 1145.89

----------------------------------------
Time step 148 at t=0.927746
0.622201
1.22187e-06
5.5288e-14
Jump Error: 7.12029e-06
0.10079
1.7694e-07
1.17077e-13
Jump Error: 1.16239e-13
Total Solves: 186
Comp. Time: 43.9391
Est. Rem.: 1101.8

----------------------------------------
Time step 149 at t=0.930636
0.623406
1.35121e-06
9.11033e-14
Jump Error: 7.06918e-06
0.100334
1.70833e-07
4.7634e-14
Jump Error: 1.15411e-13
Total Solves: 186
Comp. Time: 44.2241
Est. Rem.: 1057.75

----------------------------------------
Time step 150 at t=0.933526
0.624296
1.22343e-06
6.12328e-14
Jump Error: 7.09181e-06
0.100568
1.75216e-07
1.02846e-13
Jump Error: 1.15763e-13
Total Solves: 186
Comp. Time: 43.8849
Est. Rem.: 1013.65

----------------------------------------
Time step 151 at t=0.936416
0.625472
1.34134e-06
7.27443e-14
Jump Error: 7.03264e-06
0.100056
1.71696e-07
4.54561e-14
Jump Error: 1.14796e-13
Total Solves: 186
Comp. Time: 43.9316
Est. Rem.: 969.557

----------------------------------------
Time step 152 at t=0.939306
0.626309
1.22247e-06
1.09224e-13
Jump Error: 7.05753e-06
0.100316
1.76707e-07
4.46036e-14
Jump Error: 1.15184e-13
Total Solves: 186
Comp. Time: 43.8932
Est. Rem.: 925.461

----------------------------------------
Time step 153 at t=0.942197
0.627465
1.35784e-06
8.02411e-14
Jump Error: 6.99551e-06
0.0997865
1.70117e-07
8.14927e-14
Jump Error: 1.14179e-13
Total Solves: 186
Comp. Time: 44.051
Est. Rem.: 881.389

----------------------------------------
Time step 154 at t=0.945087
0.628264
1.2334e-06
5.90362e-14
Jump Error: 7.02507e-06
0.100068
1.75039e-07
8.58557e-14
Jump Error: 1.14644e-13
Total Solves: 186
Comp. Time: 44.1693
Est. Rem.: 837.332

----------------------------------------
Time step 155 at t=0.947977
0.6294
1.35435e-06
4.93831e-14
Jump Error: 6.96277e-06
0.0995289
1.70963e-07
5.07017e-14
Jump Error: 1.13628e-13
Total Solves: 186
Comp. Time: 43.9443
Est. Rem.: 793.248

----------------------------------------
Time step 156 at t=0.950867
0.630165
1.23292e-06
7.23695e-14
Jump Error: 6.98112e-06
0.09974
1.75609e-07
1.06771e-13
Jump Error: 1.1391e-13
Total Solves: 186
Comp. Time: 43.8616
Est. Rem.: 749.156

----------------------------------------
Time step 157 at t=0.953757
0.631239
1.36338e-06
8.27931e-14
Jump Error: 6.92694e-06
0.0992603
1.69768e-07
5.66482e-14
Jump Error: 1.13029e-13
Total Solves: 186
Comp. Time: 43.9767
Est. Rem.: 705.078

----------------------------------------
Time step 158 at t=0.956647
0.631999
1.23647e-06
6.47777e-14
Jump Error: 6.94433e-06
0.099463
1.73797e-07
5.06932e-14
Jump Error: 1.13296e-13
Total Solves: 186
Comp. Time: 43.919
Est. Rem.: 660.997

----------------------------------------
Time step 159 at t=0.959538
0.633039
1.35509e-06
4.5912e-14
Jump Error: 6.88254e-06
0.098923
1.69716e-07
7.9623e-14
Jump Error: 1.12289e-13
Total Solves: 186
Comp. Time: 43.9368
Est. Rem.: 616.919

----------------------------------------
Time step 160 at t=0.962428
0.633744
1.23416e-06
5.47566e-14
Jump Error: 6.90529e-06
0.099159
1.75111e-07
4.96922e-14
Jump Error: 1.12641e-13
Total Solves: 186
Comp. Time: 43.9622
Est. Rem.: 572.845

----------------------------------------
Time step 161 at t=0.965318
0.634766
1.36468e-06
6.25727e-14
Jump Error: 6.84151e-06
0.0986117
1.69118e-07
8.99207e-14
Jump Error: 1.11603e-13
Total Solves: 186
Comp. Time: 44.1209
Est. Rem.: 528.784

----------------------------------------
Time step 162 at t=0.968208
0.635436
1.24109e-06
7.58856e-14
Jump Error: 6.86264e-06
0.0988395
1.73527e-07
8.30439e-14
Jump Error: 1.11928e-13
Total Solves: 186
Comp. Time: 44.1097
Est. Rem.: 484.722

----------------------------------------
Time step 163 at t=0.971098
0.636424
1.365e-06
5.66078e-14
Jump Error: 6.79615e-06
0.0982628
1.69027e-07
5.30326e-14
Jump Error: 1.10842e-13
Total Solves: 186
Comp. Time: 44.2833
Est. Rem.: 440.67

----------------------------------------
Time step 164 at t=0.973988
0.637051
1.24161e-06
5.93946e-14
Jump Error: 6.81894e-06
0.0985012
1.74112e-07
7.61977e-14
Jump Error: 1.11195e-13
Total Solves: 186
Comp. Time: 43.9582
Est. Rem.: 396.597

----------------------------------------
Time step 165 at t=0.976879
0.638012
1.36844e-06
5.30278e-14
Jump Error: 6.76018e-06
0.0979828
1.67869e-07
6.43729e-14
Jump Error: 1.1024e-13
Total Solves: 186
Comp. Time: 43.9331
Est. Rem.: 352.524

----------------------------------------
Time step 166 at t=0.979769
0.638633
1.24213e-06
6.13856e-14
Jump Error: 6.77002e-06
0.0981316
1.72006e-07
3.98412e-14
Jump Error: 1.10383e-13
Total Solves: 186
Comp. Time: 44.0765
Est. Rem.: 308.459

----------------------------------------
Time step 167 at t=0.982659
0.639524
1.36332e-06
7.73825e-14
Jump Error: 6.70974e-06
0.0975976
1.68619e-07
7.60827e-14
Jump Error: 1.09398e-13
Total Solves: 186
Comp. Time: 43.9052
Est. Rem.: 264.388

----------------------------------------
Time step 168 at t=0.985549
0.640106
1.24425e-06
6.78293e-14
Jump Error: 6.72904e-06
0.0978141
1.73194e-07
9.58242e-14
Jump Error: 1.09694e-13
Total Solves: 186
Comp. Time: 43.9529
Est. Rem.: 220.32

----------------------------------------
Time step 169 at t=0.988439
0.640995
1.37252e-06
5.29587e-14
Jump Error: 6.66063e-06
0.0972227
1.66535e-07
6.9651e-14
Jump Error: 1.08582e-13
Total Solves: 186
Comp. Time: 43.9637
Est. Rem.: 176.253

----------------------------------------
Time step 170 at t=0.991329
0.641521
1.24488e-06
5.20418e-14
Jump Error: 6.67908e-06
0.0974211
1.71775e-07
3.59775e-14
Jump Error: 1.08857e-13
Total Solves: 186
Comp. Time: 43.9188
Est. Rem.: 132.187

----------------------------------------
Time step 171 at t=0.99422
0.64237
1.36524e-06
1.00205e-13
Jump Error: 6.6134e-06
0.0968441
1.67496e-07
6.57227e-14
Jump Error: 1.07783e-13
Total Solves: 186
Comp. Time: 43.9829
Est. Rem.: 88.124

----------------------------------------
Time step 172 at t=0.99711
0.642871
1.2444e-06
8.97939e-14
Jump Error: 6.63032e-06
0.0970499
1.71662e-07
6.35055e-14
Jump Error: 1.08043e-13
Total Solves: 186
Comp. Time: 44.0991
Est. Rem.: 44.0622

----------------------------------------
Time step 173 at t=1
0.643691
1.37183e-06
6.99439e-14
Jump Error: 6.56267e-06
0.0964599
1.65762e-07
3.56237e-14
Jump Error: 1.06942e-13
Total Solves: 186
dt = 0.00289017 h_f = 0.0456198 h_s = 0.0332509 L2(T) error [fluid] = 6.5748e-06,  L2(T) error [structure] = 5.98974e-08
 L2(0,T;H1(t)) error [fluid] = 0.000432587,  Pressure error [fluid] = 0.000131501,  L2(0,T;H1(t)) errors [structure] = 7.2861e-06 L2(T) error [structure_vel] = 5.81725e-06
Comp. Time: 44.282
Est. Rem.: 0


+---------------------------------------------+------------+------------+
| Total wallclock time elapsed since start    |  2.18e+03s |            |
|                                             |            |            |
| Section                         | no. calls |  wall time | % of total |
+---------------------------------+-----------+------------+------------+
| Assemble                        |     16606 |  1.11e+03s |        51% |
| Everything                      |         1 |  2.18e+03s |     1e+02% |
| Linear Solve                    |     15568 |       853s |        39% |
| Setup dof system                |         1 |     0.072s |    0.0033% |
| State Solve                     |      1038 |       182s |       8.4% |
+---------------------------------+-----------+------------+------------+

0.125
0.0666666666667
0.037037037037
0.0188679245283
0.0103092783505
0.00578034682081
h            fluid.vel.L2   fluid.vel.H1   fluid.press.L2   structure.displ.L2   structure.displ.H1   structure.vel.L2
0.353553                -              -                -                    -                    -                  -
0.235702             3.71           2.41             2.28                 4.06                 3.28               3.37
0.157135             4.07           2.82             2.04                 4.16                 2.90               3.41
0.101015             4.01           2.82             2.00                 3.66                 2.37               2.75
0.0673435            3.26           2.70             2.00                 3.27                 2.14               2.63
0.0456198            3.23           2.63             2.00                 3.09                 2.06               2.69
