Number of active cells: fluid: 16 structure: 16
Number of degrees of freedom: 673 (162+25+162+162+162)

----------------------------------------
Time step 1 at t=0.500001
24.4929
0.000327495
1.61179e-10
Jump Error: 0.00113343
11.0285
2.09814e-07
1.13211e-10
Jump Error: 0.00109044
11.0569
2.05582e-07
5.9458e-11
Jump Error: 0.00104885
11.0846
2.01324e-07
7.64835e-11
Jump Error: 0.00100863
11.1117
1.97062e-07
6.13213e-11
Jump Error: 0.000969752
11.1382
1.92891e-07
7.3709e-11
Jump Error: 0.00093218
11.164
1.8874e-07
6.09767e-11
Jump Error: 0.000895884
11.1892
1.84661e-07
6.43872e-11
Jump Error: 0.000860835
11.2136
1.80513e-07
5.2741e-11
Jump Error: 0.000827001
11.2374
1.76457e-07
4.69547e-11
Jump Error: 0.000794353
11.2604
1.72415e-07
8.17443e-11
Jump Error: 0.00076286
11.2827
1.68458e-07
6.60037e-11
Jump Error: 0.000732492
11.3043
1.64475e-07
9.21935e-11
Jump Error: 0.00070322
11.3251
1.60584e-07
1.37291e-10
Jump Error: 0.000675014
11.3452
1.56711e-07
1.03937e-10
Jump Error: 0.000647845
11.3645
1.52927e-07
9.03801e-11
Jump Error: 0.000621684
11.3829
1.49161e-07
8.41561e-11
Jump Error: 0.000596503
11.4006
1.45447e-07
6.12795e-11
Jump Error: 0.000572272
11.4175
1.41773e-07
7.03169e-11
Jump Error: 0.000548965
11.4335
1.38139e-07
1.00149e-10
Jump Error: 0.000526554
11.4487
1.34564e-07
1.09001e-10
Jump Error: 0.000505011
11.4631
1.31063e-07
1.22812e-10
Jump Error: 0.00048431
11.4766
1.27625e-07
7.66547e-11
Jump Error: 0.000464423
11.4892
1.24206e-07
8.85023e-11
Jump Error: 0.000445327
11.5009
1.20851e-07
8.22751e-11
Jump Error: 0.000426994
11.5117
1.17567e-07
1.0734e-10
Jump Error: 0.000409399
11.5215
1.14345e-07
7.95693e-11
Jump Error: 0.000392519
11.5305
1.11205e-07
8.34393e-11
Jump Error: 0.000376328
11.5385
1.08045e-07
1.10825e-10
Jump Error: 0.000360803
11.5456
1.05016e-07
5.48356e-11
Jump Error: 0.00034592
11.5516
1.02022e-07
7.61326e-11
Jump Error: 0.000331658
11.5567
9.90757e-08
5.99856e-11
Jump Error: 0.000317993
11.5608
9.62207e-08
1.07993e-10
Jump Error: 0.000304903
11.564
9.34001e-08
6.33939e-11
Jump Error: 0.000292368
11.566
9.06386e-08
7.97861e-11
Jump Error: 0.000280367
11.5671
8.79942e-08
6.44997e-11
Jump Error: 0.000268879
11.5671
8.53393e-08
1.30543e-10
Jump Error: 0.000257885
11.5661
8.2766e-08
8.77282e-11
Jump Error: 0.000247365
11.564
8.02702e-08
6.19416e-11
Jump Error: 0.0002373
11.5609
7.78673e-08
8.5481e-11
Jump Error: 0.000227673
11.5566
7.54227e-08
6.94716e-11
Jump Error: 0.000218465
11.5513
7.31431e-08
6.96174e-11
Jump Error: 0.00020966
11.5448
7.08757e-08
9.04241e-11
Jump Error: 0.00020124
11.5373
6.87e-08
8.46196e-11
Jump Error: 0.00019319
11.5286
6.65787e-08
7.83273e-11
Jump Error: 0.000185494
11.5188
6.4458e-08
7.79762e-11
Jump Error: 0.000178136
11.5078
6.24587e-08
7.59981e-11
Jump Error: 0.000171102
11.4957
6.04312e-08
8.99683e-11
Jump Error: 0.000164377
11.4824
5.85537e-08
4.78287e-11
Jump Error: 0.000157949
11.468
5.66766e-08
8.27869e-11
Jump Error: 0.000151803
11.4523
5.49315e-08
1.18976e-10
Jump Error: 0.000145928
11.4355
5.3163e-08
6.52265e-11
Jump Error: 0.00014031
11.4175
5.14307e-08
5.70097e-11
Jump Error: 0.000134937
11.3983
4.98222e-08
1.14835e-10
Jump Error: 0.0001298
11.3779
4.823e-08
5.98496e-11
Jump Error: 0.000124886
11.3563
4.66639e-08
8.81154e-11
Jump Error: 0.000120184
11.3334
4.51874e-08
8.57051e-11
Jump Error: 0.000115686
11.3093
4.37455e-08
1.0999e-10
Jump Error: 0.000111381
11.284
4.22927e-08
1.65656e-10
Jump Error: 0.00010726
11.2574
4.09945e-08
7.35698e-11
Jump Error: 0.000103314
11.2296
3.97105e-08
1.15813e-10
Jump Error: 9.95347e-05
11.2006
3.83927e-08
7.8623e-11
Jump Error: 9.59138e-05
11.1703
3.72297e-08
7.31931e-11
Jump Error: 9.24438e-05
11.1387
3.60076e-08
6.50557e-11
Jump Error: 8.91172e-05
11.1059
3.48955e-08
1.60667e-10
Jump Error: 8.59269e-05
11.0718
3.37912e-08
6.81157e-11
Jump Error: 8.28663e-05
11.0365
3.27157e-08
1.14155e-10
Jump Error: 7.99289e-05
10.9999
3.17389e-08
1.13961e-10
Jump Error: 7.71087e-05
10.962
3.07095e-08
9.3177e-11
Jump Error: 7.43999e-05
10.9229
2.97916e-08
8.44082e-11
Jump Error: 7.17971e-05
10.8825
2.88341e-08
6.05183e-11
Jump Error: 6.9295e-05
10.8408
2.79337e-08
9.02665e-11
Jump Error: 6.68886e-05
10.7979
2.71066e-08
6.70833e-11
Jump Error: 6.45734e-05
10.7537
2.62864e-08
4.84544e-11
Jump Error: 6.23449e-05
10.7082
2.55294e-08
8.31839e-11
Jump Error: 6.01989e-05
10.6615
2.46785e-08
6.85325e-11
Jump Error: 5.81315e-05
10.6135
2.39579e-08
1.04319e-10
Jump Error: 5.61389e-05
10.5643
2.32812e-08
6.29595e-11
Jump Error: 5.42175e-05
10.5138
2.25642e-08
1.25447e-10
Jump Error: 5.23641e-05
10.4621
2.19517e-08
8.22418e-11
Jump Error: 5.05755e-05
10.4092
2.13045e-08
1.77133e-10
Jump Error: 4.88487e-05
10.355
2.06667e-08
8.17982e-11
Jump Error: 4.7181e-05
10.2996
2.0081e-08
6.8952e-11
Jump Error: 4.55696e-05
10.243
1.9475e-08
6.27581e-11
Jump Error: 4.40122e-05
10.1852
1.89374e-08
1.2297e-10
Jump Error: 4.25064e-05
10.1262
1.84089e-08
7.6371e-11
Jump Error: 4.105e-05
10.0659
1.78877e-08
7.27775e-11
Jump Error: 3.96409e-05
10.0046
1.73774e-08
7.26183e-11
Jump Error: 3.82772e-05
9.942
1.68923e-08
9.91945e-11
Jump Error: 3.69571e-05
9.87829
1.64248e-08
9.63085e-11
Jump Error: 3.56789e-05
9.81343
1.59717e-08
1.17219e-10
Jump Error: 3.44409e-05
9.74744
1.55746e-08
6.36465e-11
Jump Error: 3.32416e-05
9.68033
1.51144e-08
7.52697e-11
Jump Error: 3.20796e-05
9.61212
1.47406e-08
8.2157e-11
Jump Error: 3.09536e-05
9.54281
1.43245e-08
9.91389e-11
Jump Error: 2.98623e-05
9.47244
1.39047e-08
6.10369e-11
Jump Error: 2.88044e-05
9.401
1.35824e-08
8.79884e-11
Jump Error: 2.77789e-05
9.32853
1.31854e-08
1.39907e-10
Jump Error: 2.67847e-05
9.25503
1.28553e-08
9.35604e-11
Jump Error: 2.58208e-05
9.18052
1.25121e-08
7.40889e-11
Jump Error: 2.48863e-05
9.10502
1.21922e-08
7.13652e-11
Jump Error: 2.39802e-05
9.02856
1.18463e-08
6.00447e-11
Jump Error: 2.31017e-05
8.95115
1.15409e-08
8.58686e-11
Jump Error: 2.225e-05
8.87282
1.1227e-08
1.15748e-10
Jump Error: 2.14243e-05
8.79357
1.09072e-08
8.26322e-11
Jump Error: 2.0624e-05
8.71345
1.06531e-08
7.10729e-11
Jump Error: 1.98482e-05
8.63246
1.03654e-08
7.20815e-11
Jump Error: 1.90963e-05
8.55063
1.00834e-08
5.74311e-11
Jump Error: 1.83677e-05
8.46799
9.78999e-09
Jump Error: 1.76618e-05
8.38456
9.5326e-09
Jump Error: 1.6978e-05
8.30037
9.3442e-09
Jump Error: 1.63157e-05
8.21544
9.02966e-09
Jump Error: 1.56744e-05
8.12979
8.82082e-09
Jump Error: 1.50535e-05
8.04346
8.5528e-09
Jump Error: 1.44526e-05
7.95647
8.31765e-09
Jump Error: 1.38711e-05
7.86884
8.05981e-09
Jump Error: 1.33086e-05
7.78062
7.90049e-09
Jump Error: 1.27645e-05
7.69182
7.64568e-09
Jump Error: 1.22385e-05
7.60248
7.43567e-09
Jump Error: 1.17301e-05
7.51262
7.24149e-09
Jump Error: 1.12389e-05
7.42228
7.0428e-09
Jump Error: 1.07644e-05
7.33148
6.84463e-09
Jump Error: 1.03062e-05
7.24026
6.63054e-09
Jump Error: 9.8639e-06
7.14866
6.48497e-09
Jump Error: 9.43711e-06
7.05669
6.25353e-09
Jump Error: 9.02544e-06
6.96439
6.05606e-09
Jump Error: 8.62848e-06
6.87181
5.92667e-09
Jump Error: 8.24587e-06
6.77896
5.70401e-09
Jump Error: 7.87723e-06
6.68588
5.54755e-09
Jump Error: 7.52218e-06
6.59261
5.35798e-09
Jump Error: 7.18036e-06
6.49917
5.182e-09
Jump Error: 6.85142e-06
6.40561
5.02553e-09
Jump Error: 6.53499e-06
6.31196
4.91801e-09
Jump Error: 6.23074e-06
6.21824
4.68616e-09
Jump Error: 5.93831e-06
6.12451
4.55196e-09
Jump Error: 5.65738e-06
6.03078
4.42385e-09
Jump Error: 5.38759e-06
5.9371
4.25745e-09
Jump Error: 5.12864e-06
5.84349
4.10138e-09
Jump Error: 4.88019e-06
5.75
3.95342e-09
Jump Error: 4.64193e-06
5.65666
3.82189e-09
Jump Error: 4.41354e-06
5.5635
3.70913e-09
Jump Error: 4.19471e-06
5.47056
3.58365e-09
Jump Error: 3.98514e-06
5.37787
3.41874e-09
Jump Error: 3.78453e-06
5.28546
3.35459e-09
Jump Error: 3.59259e-06
5.19337
3.18824e-09
Jump Error: 3.40904e-06
5.10164
3.05514e-09
Jump Error: 3.23358e-06
5.01029
2.97948e-09
Jump Error: 3.06594e-06
4.91937
2.87104e-09
Jump Error: 2.90586e-06
4.82889
2.72798e-09
Jump Error: 2.75305e-06
4.73891
2.6355e-09
Jump Error: 2.60727e-06
4.64944
2.50016e-09
Jump Error: 2.46826e-06
4.56052
2.42087e-09
Jump Error: 2.33577e-06
4.47218
2.35232e-09
Jump Error: 2.20955e-06
4.38446
2.24054e-09
Jump Error: 2.08937e-06
4.29738
2.11911e-09
Jump Error: 1.97499e-06
4.21097
2.05027e-09
Jump Error: 1.86619e-06
4.12527
1.9902e-09
Jump Error: 1.76274e-06
4.0403
1.89773e-09
Jump Error: 1.66444e-06
3.95609
1.79225e-09
Jump Error: 1.57107e-06
3.87266
1.74469e-09
Jump Error: 1.48242e-06
3.79005
1.62144e-09
Jump Error: 1.3983e-06
3.70829
1.59331e-09
Jump Error: 1.31852e-06
3.62738
1.50435e-09
Jump Error: 1.24289e-06
3.54738
1.42695e-09
Jump Error: 1.17123e-06
3.46828
1.30783e-09
Jump Error: 1.10336e-06
3.39013
1.29347e-09
Jump Error: 1.03911e-06
3.31294
1.25132e-09
Jump Error: 9.78321e-07
3.23673
1.12847e-09
Jump Error: 9.20831e-07
3.16152
1.1378e-09
Jump Error: 8.66486e-07
3.08734
1.02169e-09
Jump Error: 8.15138e-07
3.0142
9.64147e-10
Jump Error: 7.66644e-07
2.94211
9.47006e-10
Jump Error: 7.20865e-07
2.87111
9.15616e-10
Jump Error: 6.77669e-07
2.8012
8.75019e-10
Jump Error: 6.36928e-07
2.7324
8.18791e-10
Jump Error: 5.98518e-07
2.66471
7.86131e-10
Jump Error: 5.62322e-07
2.59817
7.59904e-10
Jump Error: 5.28225e-07
2.53276
7.1086e-10
Jump Error: 4.96119e-07
2.46852
6.34882e-10
Jump Error: 4.659e-07
2.40544
6.13218e-10
Jump Error: 4.37466e-07
2.34354
6.09602e-10
Jump Error: 4.10724e-07
2.28282
5.62419e-10
Jump Error: 3.85579e-07
2.22328
5.52942e-10
Jump Error: 3.61946e-07
2.16494
5.10651e-10
Jump Error: 3.39741e-07
2.1078
5.00037e-10
Jump Error: 3.18884e-07
2.05185
4.48431e-10
Jump Error: 2.99298e-07
1.99711
4.24349e-10
Jump Error: 2.80912e-07
1.94357
4.36595e-10
Jump Error: 2.63656e-07
1.89123
3.74821e-10
Jump Error: 2.47465e-07
1.84009
3.59153e-10
Jump Error: 2.32277e-07
1.79014
3.50355e-10
Jump Error: 2.18032e-07
1.74139
2.83434e-10
Jump Error: 2.04674e-07
1.69383
2.99771e-10
Jump Error: 1.9215e-07
1.64744
2.81471e-10
Jump Error: 1.80409e-07
1.60222
4.19424e-10
Jump Error: 1.69405e-07
1.55817
2.7056e-10
Jump Error: 1.59091e-07
1.51527
2.50631e-10
Jump Error: 1.49425e-07
1.47352
2.37401e-10
Jump Error: 1.40367e-07
1.43289
2.02712e-10
Jump Error: 1.31878e-07
1.39338
2.31545e-10
Jump Error: 1.23924e-07
1.35497
2.92495e-10
Jump Error: 1.16469e-07
1.31766
2.62592e-10
Jump Error: 1.09483e-07
1.28141
1.92846e-10
Jump Error: 1.02936e-07
1.24621
1.63503e-10
Jump Error: 9.67986e-08
1.21206
2.00826e-10
Jump Error: 9.10453e-08
1.17892
1.65122e-10
Jump Error: 8.56511e-08
1.14678
1.90331e-10
Jump Error: 8.05929e-08
1.11561
2.53065e-10
Jump Error: 7.58486e-08
1.08541
2.61516e-10
Jump Error: 7.13981e-08
1.05614
1.94979e-10
Jump Error: 6.7222e-08
1.02778
2.53958e-10
Jump Error: 6.33025e-08
1.00031
1.81711e-10
Jump Error: 5.9623e-08
0.973705
1.71393e-10
Jump Error: 5.61676e-08
0.947945
1.78906e-10
Jump Error: 5.29218e-08
0.923004
1.57933e-10
Jump Error: 4.9872e-08
0.898857
2.15371e-10
Jump Error: 4.70053e-08
0.875481
1.64083e-10
Jump Error: 4.431e-08
0.85285
1.97549e-10
Jump Error: 4.1775e-08
0.830941
1.95991e-10
Jump Error: 3.93898e-08
0.809728
1.62669e-10
Jump Error: 3.71449e-08
0.789187
1.24309e-10
Jump Error: 3.50312e-08
0.769293
1.9323e-10
Jump Error: 3.30405e-08
0.750024
1.7893e-10
Jump Error: 3.1165e-08
0.731353
2.10591e-10
Jump Error: 2.93973e-08
0.71326
2.3389e-10
Jump Error: 2.77308e-08
0.695719
1.34997e-10
Jump Error: 2.61592e-08
0.678709
1.28379e-10
Jump Error: 2.46765e-08
0.662208
2.36121e-10
Jump Error: 2.32774e-08
0.646193
1.86618e-10
Jump Error: 2.19567e-08
0.630645
1.37307e-10
Jump Error: 2.07098e-08
0.615543
1.83572e-10
Jump Error: 1.95323e-08
0.600867
1.57544e-10
Jump Error: 1.84199e-08
0.586598
2.74088e-10
Jump Error: 1.7369e-08
0.572718
2.58802e-10
Jump Error: 1.63759e-08
0.55921
2.28353e-10
Jump Error: 1.54372e-08
0.546056
1.55087e-10
Jump Error: 1.45499e-08
0.533241
1.55935e-10
Jump Error: 1.37111e-08
0.520749
1.516e-10
Jump Error: 1.2918e-08
0.508566
2.03453e-10
Jump Error: 1.21681e-08
0.496679
3.11695e-10
Jump Error: 1.1459e-08
0.485073
1.6133e-10
Jump Error: 1.07885e-08
0.473736
1.66245e-10
Jump Error: 1.01544e-08
0.462658
1.71409e-10
Jump Error: 9.55486e-09
0.451826
3.24611e-10
Jump Error: 8.98796e-09
0.441231
1.79275e-10
Jump Error: 8.45198e-09
0.430863
1.66078e-10
Jump Error: 7.94529e-09
0.420712
2.09656e-10
Jump Error: 7.46634e-09
0.410771
1.41599e-10
Jump Error: 7.01368e-09
0.401031
1.86654e-10
Jump Error: 6.58595e-09
0.391485
1.42797e-10
Jump Error: 6.18185e-09
0.382125
1.79349e-10
Jump Error: 5.80017e-09
0.372947
1.79516e-10
Jump Error: 5.43973e-09
0.363943
1.31227e-10
Jump Error: 5.09946e-09
0.355108
1.96914e-10
Jump Error: 4.77831e-09
0.346437
1.69402e-10
Jump Error: 4.47531e-09
0.337926
3.19544e-10
Jump Error: 4.18951e-09
0.32957
1.85654e-10
Jump Error: 3.92004e-09
0.321364
1.85196e-10
Jump Error: 3.66606e-09
0.313306
1.82569e-10
Jump Error: 3.42676e-09
0.305392
2.02985e-10
Jump Error: 3.2014e-09
0.297619
1.1421e-10
Jump Error: 2.98923e-09
0.289983
1.73477e-10
Jump Error: 2.78959e-09
0.282483
1.57487e-10
Jump Error: 2.60182e-09
0.275115
1.83395e-10
Jump Error: 2.42529e-09
0.267878
1.82308e-10
Jump Error: 2.25941e-09
0.260769
2.43086e-10
Jump Error: 2.10362e-09
0.253786
1.6797e-10
Jump Error: 1.95738e-09
0.246928
1.66579e-10
Jump Error: 1.82018e-09
0.240192
1.48011e-10
Jump Error: 1.69153e-09
0.233578
1.88509e-10
Jump Error: 1.57096e-09
0.227084
1.98291e-10
Jump Error: 1.45803e-09
0.220708
1.83569e-10
Jump Error: 1.35232e-09
0.21445
1.38982e-10
Jump Error: 1.25343e-09
0.208308
1.80165e-10
Jump Error: 1.16098e-09
0.20228
1.5338e-10
Jump Error: 1.07459e-09
0.196367
1.8688e-10
Jump Error: 9.93934e-10
0.190567
1.83103e-10
Jump Error: 9.1867e-10
0.184878
1.8118e-10
Jump Error: 8.48488e-10
0.179301
1.92022e-10
Jump Error: 7.83088e-10
0.173834
1.47818e-10
Jump Error: 7.22188e-10
0.168476
2.33555e-10
Jump Error: 6.65518e-10
0.163227
1.86863e-10
Jump Error: 6.12823e-10
0.158085
1.62771e-10
Jump Error: 5.63858e-10
0.15305
1.72342e-10
Jump Error: 5.18395e-10
0.148122
2.13023e-10
Jump Error: 4.76216e-10
0.143298
2.44022e-10
Jump Error: 4.37112e-10
0.13858
2.08857e-10
Jump Error: 4.00889e-10
0.133965
1.42017e-10
Jump Error: 3.6736e-10
0.129453
1.31627e-10
Jump Error: 3.36351e-10
0.125043
2.60932e-10
Jump Error: 3.07696e-10
0.120735
1.10243e-10
Jump Error: 2.81237e-10
0.116527
2.29308e-10
Jump Error: 2.56828e-10
0.112419
2.55804e-10
Jump Error: 2.34328e-10
0.10841
1.91087e-10
Jump Error: 2.13607e-10
0.104499
1.87281e-10
Jump Error: 1.94541e-10
0.100685
1.15089e-10
Jump Error: 1.77013e-10
0.0969677
1.46324e-10
Jump Error: 1.60914e-10
0.0933454
2.17848e-10
Jump Error: 1.46141e-10
0.0898176
1.41808e-10
Jump Error: 1.32596e-10
0.0863831
2.03978e-10
Jump Error: 1.20191e-10
0.0830411
1.77469e-10
Jump Error: 1.08839e-10
0.0797905
1.24329e-10
Jump Error: 9.84618e-11
Total Solves: 1314
dt = 1e-06 h_f = 0.353553 h_s = 0.257694 L2(T) error [fluid] = 0.00875482,  L2(T) error [structure] = 2.46839e-11
 L2(0,T;H1(t)) error [fluid] = 2.43513e-07,  Pressure error [fluid] = 126.135,  L2(0,T;H1(t)) errors [structure] = 1.05661e-09 L2(T) error [structure_vel] = 0.00533031
Comp. Time: 72.5615
Est. Rem.: 0


+---------------------------------------------+------------+------------+
| Total wallclock time elapsed since start    |        32s |            |
|                                             |            |            |
| Section                         | no. calls |  wall time | % of total |
+---------------------------------+-----------+------------+------------+
| Assemble                        |       712 |        20s |        63% |
| Everything                      |         1 |        32s |     1e+02% |
| Setup dof system                |         1 |   0.00391s |     0.012% |
| State Solve                     |       712 |      2.34s |       7.3% |
+---------------------------------+-----------+------------+------------+

Number of active cells: fluid: 36 structure: 36
Number of degrees of freedom: 1401 (338+49+338+338+338)

----------------------------------------
Time step 1 at t=0.500001
25.917
0.000124911
1.28916e-10
Jump Error: 5.99856e-08
0.152493
2.47128e-10
Jump Error: 5.50212e-08
0.151496
1.5309e-10
Jump Error: 5.0473e-08
0.150488
1.54748e-10
Jump Error: 4.63085e-08
0.149469
1.8657e-10
Jump Error: 4.24973e-08
0.148439
2.28658e-10
Jump Error: 3.90113e-08
0.147398
2.10481e-10
Jump Error: 3.58241e-08
0.146346
2.30912e-10
Jump Error: 3.29114e-08
0.145284
2.37778e-10
Jump Error: 3.02505e-08
0.14421
1.62965e-10
Jump Error: 2.78205e-08
0.143125
1.74302e-10
Jump Error: 2.5602e-08
0.142029
1.62007e-10
Jump Error: 2.35769e-08
0.140921
1.94488e-10
Jump Error: 2.17287e-08
0.139803
1.55844e-10
Jump Error: 2.00421e-08
0.138673
1.39481e-10
Jump Error: 1.8503e-08
0.137533
1.8467e-10
Jump Error: 1.70985e-08
0.136381
1.56145e-10
Jump Error: 1.58164e-08
0.135219
1.5784e-10
Jump Error: 1.46461e-08
0.134045
1.87253e-10
Jump Error: 1.35772e-08
0.132861
1.24934e-10
Jump Error: 1.26008e-08
0.131667
2.74185e-10
Jump Error: 1.17082e-08
0.130462
1.45244e-10
Jump Error: 1.08919e-08
0.129247
1.58955e-10
Jump Error: 1.01448e-08
0.128021
1.40836e-10
Jump Error: 9.46047e-09
0.126786
1.69085e-10
Jump Error: 8.83306e-09
0.125541
1.58478e-10
Jump Error: 8.25728e-09
0.124287
1.982e-10
Jump Error: 7.7283e-09
0.123023
1.06515e-10
Jump Error: 7.24172e-09
0.12175
2.20418e-10
Jump Error: 6.79358e-09
0.120469
2.23918e-10
Jump Error: 6.38027e-09
0.119179
1.80748e-10
Jump Error: 5.99855e-09
0.11788
1.623e-10
Jump Error: 5.64546e-09
0.116574
1.57532e-10
Jump Error: 5.31835e-09
0.11526
2.38061e-10
Jump Error: 5.01481e-09
0.113938
1.48482e-10
Jump Error: 4.73269e-09
0.11261
1.52772e-10
Jump Error: 4.47004e-09
0.111275
1.60461e-10
Jump Error: 4.22511e-09
0.109933
2.07451e-10
Jump Error: 3.99633e-09
0.108586
1.29757e-10
Jump Error: 3.78227e-09
0.107233
1.68001e-10
Jump Error: 3.58167e-09
0.105874
1.98783e-10
Jump Error: 3.39337e-09
0.104511
1.61028e-10
Jump Error: 3.21638e-09
0.103143
1.81976e-10
Jump Error: 3.04974e-09
0.101771
1.44329e-10
Jump Error: 2.89265e-09
0.100396
1.55004e-10
Jump Error: 2.74437e-09
0.0990167
2.15625e-10
Jump Error: 2.60422e-09
0.0976351
1.43339e-10
Jump Error: 2.47161e-09
0.0962509
1.88838e-10
Jump Error: 2.346e-09
0.0948648
1.32774e-10
Jump Error: 2.22691e-09
0.0934771
2.48407e-10
Jump Error: 2.11389e-09
0.0920884
1.96028e-10
Jump Error: 2.00657e-09
0.090699
1.61865e-10
Jump Error: 1.90457e-09
0.0893095
1.49908e-10
Jump Error: 1.80759e-09
0.0879203
2.42717e-10
Jump Error: 1.71531e-09
0.0865318
1.2266e-10
Jump Error: 1.62748e-09
0.0851444
1.69456e-10
Jump Error: 1.54386e-09
0.0837588
1.93896e-10
Jump Error: 1.46422e-09
0.0823753
2.16941e-10
Jump Error: 1.38835e-09
0.0809945
1.7023e-10
Jump Error: 1.31607e-09
0.0796167
2.08369e-10
Jump Error: 1.2472e-09
0.0782426
1.63591e-10
Jump Error: 1.18159e-09
0.0768725
1.82031e-10
Jump Error: 1.11907e-09
0.0755069
1.23391e-10
Jump Error: 1.05951e-09
0.0741465
1.48379e-10
Jump Error: 1.00278e-09
0.0727915
1.70198e-10
Jump Error: 9.48746e-10
0.0714423
2.03719e-10
Jump Error: 8.97301e-10
0.0700997
1.88818e-10
Jump Error: 8.48326e-10
0.0687639
1.26245e-10
Jump Error: 8.01722e-10
0.0674355
1.86468e-10
Jump Error: 7.57386e-10
0.066115
1.63392e-10
Jump Error: 7.1522e-10
0.0648027
2.01727e-10
Jump Error: 6.75134e-10
0.0634991
1.32646e-10
Jump Error: 6.3704e-10
0.0622046
1.36063e-10
Jump Error: 6.00858e-10
0.06092
1.50409e-10
Jump Error: 5.66499e-10
0.0596452
2.07639e-10
Jump Error: 5.33893e-10
0.058381
1.30459e-10
Jump Error: 5.0296e-10
0.0571277
1.52241e-10
Jump Error: 4.7363e-10
0.0558857
2.22051e-10
Jump Error: 4.45833e-10
0.0546554
3.00903e-10
Jump Error: 4.19503e-10
0.0534373
1.56421e-10
Jump Error: 3.94573e-10
0.0522316
1.92765e-10
Jump Error: 3.70981e-10
0.0510387
1.49598e-10
Jump Error: 3.48668e-10
0.0498592
1.63572e-10
Jump Error: 3.27573e-10
0.0486932
2.50216e-10
Jump Error: 3.07644e-10
0.0475413
2.55324e-10
Jump Error: 2.88823e-10
0.0464036
1.87776e-10
Jump Error: 2.7106e-10
0.0452806
1.8279e-10
Jump Error: 2.54302e-10
0.0441724
2.77034e-10
Jump Error: 2.38504e-10
0.0430797
2.0002e-10
Jump Error: 2.23615e-10
0.0420024
1.76624e-10
Jump Error: 2.09591e-10
0.0409407
1.89215e-10
Jump Error: 1.96391e-10
0.0398953
2.41659e-10
Jump Error: 1.8397e-10
0.0388662
2.57915e-10
Jump Error: 1.72292e-10
0.0378537
1.47001e-10
Jump Error: 1.61313e-10
0.0368578
1.65832e-10
Jump Error: 1.51e-10
0.0358791
1.7626e-10
Jump Error: 1.41317e-10
0.0349175
1.84922e-10
Jump Error: 1.3223e-10
0.0339733
1.47578e-10
Jump Error: 1.23705e-10
0.0330466
2.10799e-10
Jump Error: 1.15713e-10
0.0321377
1.47142e-10
Jump Error: 1.08223e-10
0.0312465
2.72225e-10
Jump Error: 1.01206e-10
0.0303733
2.29281e-10
Jump Error: 9.46368e-11
Total Solves: 407
dt = 1e-06 h_f = 0.235702 h_s = 0.171796 L2(T) error [fluid] = 5.69655e-05,  L2(T) error [structure] = 7.15373e-12
 L2(0,T;H1(t)) error [fluid] = 2.66302e-09,  Pressure error [fluid] = 0.725273,  L2(0,T;H1(t)) errors [structure] = 4.53049e-10 L2(T) error [structure_vel] = 3.42762e-05
Comp. Time: 47.1978
Est. Rem.: 0


+---------------------------------------------+------------+------------+
| Total wallclock time elapsed since start    |      12.5s |            |
|                                             |            |            |
| Section                         | no. calls |  wall time | % of total |
+---------------------------------+-----------+------------+------------+
| Assemble                        |       205 |      6.97s |        56% |
| Everything                      |         1 |      12.5s |     1e+02% |
| Setup dof system                |         1 |   0.00419s |     0.033% |
| State Solve                     |       205 |      1.45s |        12% |
+---------------------------------+-----------+------------+------------+

Number of active cells: fluid: 81 structure: 81
Number of degrees of freedom: 2988 (722+100+722+722+722)

----------------------------------------
Time step 1 at t=0.500001
36.5149
4.74011e-05
1.55598e-10
Jump Error: 9.60675e-11
Total Solves: 3
dt = 1e-06 h_f = 0.157135 h_s = 0.114531 L2(T) error [fluid] = 7.39041e-06,  L2(T) error [structure] = 2.07879e-12
 L2(0,T;H1(t)) error [fluid] = 6.94797e-10,  Pressure error [fluid] = 0.103026,  L2(0,T;H1(t)) errors [structure] = 1.96617e-10 L2(T) error [structure_vel] = 4.3088e-06
Comp. Time: 0.918345
Est. Rem.: 0


+---------------------------------------------+------------+------------+
| Total wallclock time elapsed since start    |     0.275s |            |
|                                             |            |            |
| Section                         | no. calls |  wall time | % of total |
+---------------------------------+-----------+------------+------------+
| Assemble                        |         3 |     0.187s |        68% |
| Everything                      |         1 |     0.275s |     1e+02% |
| Setup dof system                |         1 |   0.00709s |       2.6% |
| State Solve                     |         3 |    0.0522s |        19% |
+---------------------------------+-----------+------------+------------+

Number of active cells: fluid: 196 structure: 196
Number of degrees of freedom: 6953 (1682+225+1682+1682+1682)

----------------------------------------
Time step 1 at t=0.500001
54.9883
1.65434e-05
1.85936e-10
Jump Error: 9.50384e-12
Total Solves: 3
dt = 1e-06 h_f = 0.101015 h_s = 0.0736269 L2(T) error [fluid] = 1.94129e-06,  L2(T) error [structure] = 5.43482e-13
 L2(0,T;H1(t)) error [fluid] = 2.85021e-10,  Pressure error [fluid] = 0.017667,  L2(0,T;H1(t)) errors [structure] = 7.99391e-11 L2(T) error [structure_vel] = 1.12804e-06
Comp. Time: 2.18149
Est. Rem.: 0


+---------------------------------------------+------------+------------+
| Total wallclock time elapsed since start    |     0.637s |            |
|                                             |            |            |
| Section                         | no. calls |  wall time | % of total |
+---------------------------------+-----------+------------+------------+
| Assemble                        |         3 |     0.416s |        65% |
| Everything                      |         1 |     0.637s |     1e+02% |
| Setup dof system                |         1 |    0.0149s |       2.3% |
| State Solve                     |         3 |     0.146s |        23% |
+---------------------------------+-----------+------------+------------+

Number of active cells: fluid: 441 structure: 441
Number of degrees of freedom: 15276 (3698+484+3698+3698+3698)

----------------------------------------
Time step 1 at t=0.500001
80.9543
6.35754e-06
4.80647e-10
Jump Error: 2.00035e-12
Total Solves: 3
dt = 1e-06 h_f = 0.0673435 h_s = 0.0490846 L2(T) error [fluid] = 5.7139e-07,  L2(T) error [structure] = 1.59359e-13
 L2(0,T;H1(t)) error [fluid] = 1.2612e-10,  Pressure error [fluid] = 0.00352181,  L2(0,T;H1(t)) errors [structure] = 3.51978e-11 L2(T) error [structure_vel] = 3.31402e-07
Comp. Time: 4.86269
Est. Rem.: 0


+---------------------------------------------+------------+------------+
| Total wallclock time elapsed since start    |      1.51s |            |
|                                             |            |            |
| Section                         | no. calls |  wall time | % of total |
+---------------------------------+-----------+------------+------------+
| Assemble                        |         3 |     0.914s |        61% |
| Everything                      |         1 |      1.51s |     1e+02% |
| Setup dof system                |         1 |    0.0351s |       2.3% |
| State Solve                     |         3 |     0.424s |        28% |
+---------------------------------+-----------+------------+------------+

Number of active cells: fluid: 961 structure: 961
Number of degrees of freedom: 32776 (7938+1024+7938+7938+7938)

----------------------------------------
Time step 1 at t=0.500001
118.076
2.57057e-06
4.05996e-10
Jump Error: 9.34461e-13
Total Solves: 3
dt = 1e-06 h_f = 0.0456198 h_s = 0.0332509 L2(T) error [fluid] = 1.7694e-07,  L2(T) error [structure] = 4.91916e-14
 L2(0,T;H1(t)) error [fluid] = 5.77239e-11,  Pressure error [fluid] = 0.000770015,  L2(0,T;H1(t)) errors [structure] = 1.60585e-11 L2(T) error [structure_vel] = 1.02535e-07
Comp. Time: 10.6525
Est. Rem.: 0


+---------------------------------------------+------------+------------+
| Total wallclock time elapsed since start    |      3.42s |            |
|                                             |            |            |
| Section                         | no. calls |  wall time | % of total |
+---------------------------------+-----------+------------+------------+
| Assemble                        |         3 |      1.97s |        58% |
| Everything                      |         1 |      3.42s |     1e+02% |
| Setup dof system                |         1 |    0.0694s |         2% |
| State Solve                     |         3 |      1.09s |        32% |
+---------------------------------+-----------+------------+------------+

Number of active cells: fluid: 2116 structure: 2116
Number of degrees of freedom: 71401 (17298+2209+17298+17298+17298)

----------------------------------------
Time step 1 at t=0.500001
173.77
1.04421e-06
9.52965e-10
Jump Error: 7.04804e-13
Total Solves: 3
dt = 1e-06 h_f = 0.0307438 h_s = 0.0224082 L2(T) error [fluid] = 5.40756e-08,  L2(T) error [structure] = 1.49813e-14
 L2(0,T;H1(t)) error [fluid] = 2.61852e-11,  Pressure error [fluid] = 0.000183832,  L2(0,T;H1(t)) errors [structure] = 7.26498e-12 L2(T) error [structure_vel] = 3.13425e-08
Comp. Time: 23.9085
Est. Rem.: 0


+---------------------------------------------+------------+------------+
| Total wallclock time elapsed since start    |      8.19s |            |
|                                             |            |            |
| Section                         | no. calls |  wall time | % of total |
+---------------------------------+-----------+------------+------------+
| Assemble                        |         3 |      4.49s |        55% |
| Everything                      |         1 |      8.19s |     1e+02% |
| Setup dof system                |         1 |     0.151s |       1.8% |
| State Solve                     |         3 |      2.86s |        35% |
+---------------------------------+-----------+------------+------------+

1.0
1.0
1.0
1.0
1.0
1.0
1.0
h            fluid.vel.L2   fluid.vel.H1   fluid.press.L2   structure.displ.L2   structure.displ.H1   structure.vel.L2
0.353553                -              -                -                    -                    -                  -
0.235702            12.42          11.14            12.72                 3.05                 2.09              12.45
0.157135             5.04           3.31             4.81                 3.05                 2.06               5.11
0.101015             3.03           2.02             3.99                 3.04                 2.04               3.03
0.0673435            3.02           2.01             3.98                 3.03                 2.02               3.02
0.0456198            3.01           2.01             3.90                 3.02                 2.01               3.01
0.0307438            3.00           2.00             3.63                 3.01                 2.01               3.00
