Number of active cells: fluid: 16 structure: 16
Number of degrees of freedom: 673 (162+25+162+162+162)

----------------------------------------
Time step 1 at t=0.800001
26.8402
0.000361672
1.29516e-10
Jump Error: 0.00103596
6.12894
7.09975e-08
4.66255e-11
Jump Error: 0.000992357
6.14541
6.94683e-08
5.19319e-11
Jump Error: 0.000950247
6.16157
6.79641e-08
3.02867e-11
Jump Error: 0.000909594
6.1774
6.64702e-08
7.31632e-11
Jump Error: 0.000870363
6.19289
6.49501e-08
6.19006e-11
Jump Error: 0.000832521
6.20804
6.35124e-08
5.40171e-11
Jump Error: 0.000796035
6.22284
6.20259e-08
7.79909e-11
Jump Error: 0.000760872
6.23729
6.05705e-08
3.09759e-11
Jump Error: 0.000726999
6.25137
5.91401e-08
4.01203e-11
Jump Error: 0.000694383
6.26507
5.77209e-08
6.85859e-11
Jump Error: 0.000662992
6.2784
5.63116e-08
5.67107e-11
Jump Error: 0.000632793
6.29134
5.4907e-08
5.38741e-11
Jump Error: 0.000603754
6.30388
5.35357e-08
4.30721e-11
Jump Error: 0.000575844
6.31602
5.21814e-08
1.0038e-10
Jump Error: 0.00054903
6.32775
5.08486e-08
7.16759e-11
Jump Error: 0.000523282
6.33906
4.95655e-08
4.81357e-11
Jump Error: 0.000498569
6.34995
4.82403e-08
6.03159e-11
Jump Error: 0.00047486
6.36039
4.69566e-08
5.94556e-11
Jump Error: 0.000452126
6.3704
4.57116e-08
4.11586e-11
Jump Error: 0.000430335
6.37995
4.44742e-08
5.62085e-11
Jump Error: 0.00040946
6.38905
4.32485e-08
3.43278e-11
Jump Error: 0.000389471
6.39768
4.20749e-08
5.01926e-11
Jump Error: 0.000370339
6.40584
4.09021e-08
6.91299e-11
Jump Error: 0.000352036
6.41351
3.97492e-08
6.13133e-11
Jump Error: 0.000334536
6.42069
3.8647e-08
5.014e-11
Jump Error: 0.00031781
6.42738
3.75341e-08
7.14289e-11
Jump Error: 0.000301832
6.43355
3.64501e-08
4.19052e-11
Jump Error: 0.000286576
6.43922
3.53766e-08
5.38545e-11
Jump Error: 0.000272016
6.44436
3.43684e-08
6.12682e-11
Jump Error: 0.000258127
6.44898
3.33674e-08
7.2432e-11
Jump Error: 0.000244884
6.45305
3.23644e-08
4.79124e-11
Jump Error: 0.000232264
6.45659
3.13881e-08
4.38404e-11
Jump Error: 0.000220243
6.45957
3.04526e-08
5.30923e-11
Jump Error: 0.000208798
6.46199
2.9516e-08
6.14715e-11
Jump Error: 0.000197905
6.46384
2.86582e-08
3.71851e-11
Jump Error: 0.000187545
6.46512
2.77962e-08
7.88149e-11
Jump Error: 0.000177694
6.46582
2.69289e-08
7.43582e-11
Jump Error: 0.000168333
6.46592
2.60959e-08
5.13198e-11
Jump Error: 0.00015944
6.46544
2.5302e-08
6.38299e-11
Jump Error: 0.000150997
6.46434
2.45051e-08
1.0643e-10
Jump Error: 0.000142984
6.46264
2.37541e-08
4.17187e-11
Jump Error: 0.000135382
6.46033
2.30144e-08
5.50407e-11
Jump Error: 0.000128174
6.45739
2.23307e-08
7.11185e-11
Jump Error: 0.000121343
6.45382
2.16195e-08
6.88079e-11
Jump Error: 0.00011487
6.44961
2.09446e-08
8.93118e-11
Jump Error: 0.000108739
6.44476
2.03218e-08
7.95031e-11
Jump Error: 0.000102936
6.43926
1.96669e-08
6.95972e-11
Jump Error: 9.74442e-05
6.43311
1.90649e-08
7.37315e-11
Jump Error: 9.2249e-05
6.4263
1.84481e-08
5.43439e-11
Jump Error: 8.73363e-05
6.41883
1.78715e-08
5.71307e-11
Jump Error: 8.26921e-05
6.41068
1.73199e-08
9.6732e-11
Jump Error: 7.83034e-05
6.40186
1.67824e-08
5.20952e-11
Jump Error: 7.41573e-05
6.39236
1.62685e-08
7.51196e-11
Jump Error: 7.02415e-05
6.38217
1.57526e-08
4.76893e-11
Jump Error: 6.65442e-05
6.3713
1.52869e-08
3.58446e-11
Jump Error: 6.30541e-05
6.35972
1.48064e-08
6.41216e-11
Jump Error: 5.97604e-05
6.34746
1.43669e-08
5.76261e-11
Jump Error: 5.66527e-05
6.33449
1.39283e-08
6.57593e-11
Jump Error: 5.37209e-05
6.32081
1.35018e-08
4.62913e-11
Jump Error: 5.09555e-05
6.30642
1.31035e-08
6.00233e-11
Jump Error: 4.83474e-05
6.29133
1.27213e-08
9.04129e-11
Jump Error: 4.58879e-05
6.27552
1.23285e-08
4.55641e-11
Jump Error: 4.35687e-05
6.25899
1.197e-08
5.61242e-11
Jump Error: 4.13819e-05
6.24174
1.16025e-08
5.08233e-11
Jump Error: 3.93198e-05
6.22377
1.12682e-08
9.91137e-11
Jump Error: 3.73754e-05
6.20508
1.09491e-08
7.49755e-11
Jump Error: 3.55417e-05
6.18567
1.06157e-08
6.00525e-11
Jump Error: 3.38124e-05
6.16553
1.03461e-08
8.65133e-11
Jump Error: 3.21812e-05
6.14466
1.00246e-08
1.08639e-10
Jump Error: 3.06422e-05
6.12307
9.76349e-09
Jump Error: 2.919e-05
6.10075
9.48185e-09
Jump Error: 2.78193e-05
6.0777
9.21045e-09
Jump Error: 2.65252e-05
6.05393
8.94619e-09
Jump Error: 2.53029e-05
6.02944
8.72351e-09
Jump Error: 2.41481e-05
6.00422
8.47455e-09
Jump Error: 2.30565e-05
5.97828
8.22158e-09
Jump Error: 2.20243e-05
5.95161
8.01918e-09
Jump Error: 2.10477e-05
5.92424
7.799e-09
Jump Error: 2.01233e-05
5.89614
7.59715e-09
Jump Error: 1.92478e-05
5.86734
7.38848e-09
Jump Error: 1.8418e-05
5.83782
7.19949e-09
Jump Error: 1.76312e-05
5.80761
7.00276e-09
Jump Error: 1.68847e-05
5.77669
6.82379e-09
Jump Error: 1.61758e-05
5.74507
6.64635e-09
Jump Error: 1.55022e-05
5.71277
6.48255e-09
Jump Error: 1.48618e-05
5.67978
6.31431e-09
Jump Error: 1.42524e-05
5.64611
6.1533e-09
Jump Error: 1.36722e-05
5.61176
6.00117e-09
Jump Error: 1.31193e-05
5.57675
5.83635e-09
Jump Error: 1.2592e-05
5.54108
5.70662e-09
Jump Error: 1.20887e-05
5.50475
5.5433e-09
Jump Error: 1.16081e-05
5.46778
5.4149e-09
Jump Error: 1.11488e-05
5.43017
5.29141e-09
Jump Error: 1.07095e-05
5.39194
5.13747e-09
Jump Error: 1.0289e-05
5.35308
5.03064e-09
Jump Error: 9.88631e-06
5.31361
4.8979e-09
Jump Error: 9.50035e-06
5.27354
4.77459e-09
Jump Error: 9.13021e-06
5.23289
4.66745e-09
Jump Error: 8.77501e-06
5.19165
4.53129e-09
Jump Error: 8.43396e-06
5.14984
4.42822e-09
Jump Error: 8.10631e-06
5.10747
4.33977e-09
Jump Error: 7.79137e-06
5.06455
4.21992e-09
Jump Error: 7.48849e-06
5.02111
4.09791e-09
Jump Error: 7.19708e-06
4.97713
4.00629e-09
Jump Error: 6.91659e-06
4.93265
3.91536e-09
Jump Error: 6.64651e-06
4.88767
3.7898e-09
Jump Error: 6.38636e-06
4.84221
3.72414e-09
Jump Error: 6.1357e-06
4.79628
3.61347e-09
Jump Error: 5.89412e-06
4.74989
3.52935e-09
Jump Error: 5.66123e-06
4.70307
3.42034e-09
Jump Error: 5.43667e-06
4.65581
3.35524e-09
Jump Error: 5.22012e-06
4.60815
3.25121e-09
Jump Error: 5.01126e-06
4.56009
3.17326e-09
Jump Error: 4.8098e-06
4.51165
3.09637e-09
Jump Error: 4.61546e-06
4.46285
2.99789e-09
Jump Error: 4.428e-06
4.4137
2.93472e-09
Jump Error: 4.24715e-06
4.36422
2.86702e-09
Jump Error: 4.07271e-06
4.31443
2.76448e-09
Jump Error: 3.90444e-06
4.26434
2.6928e-09
Jump Error: 3.74215e-06
4.21397
2.62004e-09
Jump Error: 3.58565e-06
4.16334
2.5428e-09
Jump Error: 3.43474e-06
4.11247
2.48159e-09
Jump Error: 3.28925e-06
4.06138
2.40349e-09
Jump Error: 3.14901e-06
4.01008
2.35319e-09
Jump Error: 3.01385e-06
3.95859
2.26642e-09
Jump Error: 2.88363e-06
3.90693
2.20481e-09
Jump Error: 2.7582e-06
3.85512
2.13517e-09
Jump Error: 2.6374e-06
3.80318
2.07385e-09
Jump Error: 2.5211e-06
3.75113
2.00575e-09
Jump Error: 2.40917e-06
3.69899
1.9423e-09
Jump Error: 2.30147e-06
3.64678
1.90996e-09
Jump Error: 2.19787e-06
3.59451
1.82004e-09
Jump Error: 2.09826e-06
3.54221
1.78521e-09
Jump Error: 2.0025e-06
3.4899
1.70773e-09
Jump Error: 1.91049e-06
3.43759
1.66304e-09
Jump Error: 1.82211e-06
3.38531
1.59935e-09
Jump Error: 1.73725e-06
3.33308
1.57521e-09
Jump Error: 1.6558e-06
3.28091
1.48084e-09
Jump Error: 1.57765e-06
3.22883
1.449e-09
Jump Error: 1.50269e-06
3.17686
1.40918e-09
Jump Error: 1.43083e-06
3.12501
1.36088e-09
Jump Error: 1.36196e-06
3.07331
1.30818e-09
Jump Error: 1.29599e-06
3.02177
1.27519e-09
Jump Error: 1.23283e-06
2.97042
1.20579e-09
Jump Error: 1.17236e-06
2.91927
1.15751e-09
Jump Error: 1.11452e-06
2.86834
1.13004e-09
Jump Error: 1.0592e-06
2.81766
1.07035e-09
Jump Error: 1.00632e-06
2.76725
1.04814e-09
Jump Error: 9.55785e-07
2.71711
9.96318e-10
Jump Error: 9.07522e-07
2.66727
9.67958e-10
Jump Error: 8.61444e-07
2.61775
9.25852e-10
Jump Error: 8.17473e-07
2.56856
8.80336e-10
Jump Error: 7.75528e-07
2.51973
8.46883e-10
Jump Error: 7.35535e-07
2.47127
8.3045e-10
Jump Error: 6.97418e-07
2.4232
7.99576e-10
Jump Error: 6.61104e-07
2.37553
7.56173e-10
Jump Error: 6.26524e-07
2.32829
7.21825e-10
Jump Error: 5.93607e-07
2.28148
6.82678e-10
Jump Error: 5.62288e-07
2.23513
6.53438e-10
Jump Error: 5.325e-07
2.18925
6.21173e-10
Jump Error: 5.04181e-07
2.14385
6.18961e-10
Jump Error: 4.77269e-07
2.09896
5.60497e-10
Jump Error: 4.51704e-07
2.05457
5.48845e-10
Jump Error: 4.27429e-07
2.01071
5.17481e-10
Jump Error: 4.04386e-07
1.9674
4.97806e-10
Jump Error: 3.82523e-07
1.92463
4.51454e-10
Jump Error: 3.61786e-07
1.88244
4.50405e-10
Jump Error: 3.42124e-07
1.84081
4.45604e-10
Jump Error: 3.23489e-07
1.79978
4.29793e-10
Jump Error: 3.05833e-07
1.75934
3.90666e-10
Jump Error: 2.8911e-07
1.71952
4.00729e-10
Jump Error: 2.73276e-07
1.68031
3.41901e-10
Jump Error: 2.58288e-07
1.64172
3.53494e-10
Jump Error: 2.44106e-07
1.60377
3.18023e-10
Jump Error: 2.30689e-07
1.56647
3.22862e-10
Jump Error: 2.18002e-07
1.52981
3.10445e-10
Jump Error: 2.06006e-07
1.4938
3.09147e-10
Jump Error: 1.94667e-07
1.45846
2.44893e-10
Jump Error: 1.83951e-07
1.42378
2.46609e-10
Jump Error: 1.73827e-07
1.38977
2.60509e-10
Jump Error: 1.64264e-07
1.35643
2.2119e-10
Jump Error: 1.55233e-07
1.32377
2.0992e-10
Jump Error: 1.46704e-07
1.29178
2.28833e-10
Jump Error: 1.38652e-07
1.26048
1.99305e-10
Jump Error: 1.31051e-07
1.22985
1.90172e-10
Jump Error: 1.23876e-07
1.19989
1.71304e-10
Jump Error: 1.17105e-07
1.17062
1.8757e-10
Jump Error: 1.10714e-07
1.14202
2.04689e-10
Jump Error: 1.04683e-07
1.11409
1.53681e-10
Jump Error: 9.89921e-08
1.08683
1.73432e-10
Jump Error: 9.36217e-08
1.06024
1.47201e-10
Jump Error: 8.85539e-08
1.03431
2.3179e-10
Jump Error: 8.37715e-08
1.00903
1.52415e-10
Jump Error: 7.92582e-08
0.984399
1.58541e-10
Jump Error: 7.49985e-08
0.96041
1.44178e-10
Jump Error: 7.09779e-08
0.937056
1.27141e-10
Jump Error: 6.71825e-08
0.914327
1.54367e-10
Jump Error: 6.35992e-08
0.892214
1.32843e-10
Jump Error: 6.02156e-08
0.870708
1.36512e-10
Jump Error: 5.70202e-08
0.849799
1.41245e-10
Jump Error: 5.40019e-08
0.829476
1.57382e-10
Jump Error: 5.11503e-08
0.809728
1.7029e-10
Jump Error: 4.84557e-08
0.790542
1.71671e-10
Jump Error: 4.59088e-08
0.771907
8.85981e-11
Jump Error: 4.35009e-08
0.753809
1.35066e-10
Jump Error: 4.12239e-08
0.736237
1.64685e-10
Jump Error: 3.90702e-08
0.719175
2.19415e-10
Jump Error: 3.70325e-08
0.702611
2.15523e-10
Jump Error: 3.51039e-08
0.686529
1.90284e-10
Jump Error: 3.32783e-08
0.670917
1.37156e-10
Jump Error: 3.15495e-08
0.65576
9.52715e-11
Jump Error: 2.9912e-08
0.641042
1.94194e-10
Jump Error: 2.83606e-08
0.626749
1.4899e-10
Jump Error: 2.68903e-08
0.612867
1.48457e-10
Jump Error: 2.54964e-08
0.599381
8.07652e-11
Jump Error: 2.41746e-08
0.586276
1.2819e-10
Jump Error: 2.2921e-08
0.573538
1.72036e-10
Jump Error: 2.17316e-08
0.561153
1.22418e-10
Jump Error: 2.06029e-08
0.549105
1.27134e-10
Jump Error: 1.95315e-08
0.537383
1.24552e-10
Jump Error: 1.85143e-08
0.525971
8.7088e-11
Jump Error: 1.75484e-08
0.514856
9.48791e-11
Jump Error: 1.66311e-08
0.504026
1.2509e-10
Jump Error: 1.57596e-08
0.493468
1.53625e-10
Jump Error: 1.49317e-08
0.48317
1.4786e-10
Jump Error: 1.4145e-08
0.473119
1.03333e-10
Jump Error: 1.33973e-08
0.463305
1.47502e-10
Jump Error: 1.26868e-08
0.453716
1.32952e-10
Jump Error: 1.20114e-08
0.444342
1.83717e-10
Jump Error: 1.13695e-08
0.435173
1.08185e-10
Jump Error: 1.07593e-08
0.4262
1.1862e-10
Jump Error: 1.01792e-08
0.417413
1.17096e-10
Jump Error: 9.62784e-09
0.408803
1.39318e-10
Jump Error: 9.10377e-09
0.400363
1.00746e-10
Jump Error: 8.60565e-09
0.392085
1.19185e-10
Jump Error: 8.13226e-09
0.383961
1.33909e-10
Jump Error: 7.68241e-09
0.375985
1.63906e-10
Jump Error: 7.25497e-09
0.368151
1.98474e-10
Jump Error: 6.84891e-09
0.360452
1.60697e-10
Jump Error: 6.4632e-09
0.352884
8.7869e-11
Jump Error: 6.09691e-09
0.34544
1.38877e-10
Jump Error: 5.74912e-09
0.338116
1.35673e-10
Jump Error: 5.41898e-09
0.330909
1.10121e-10
Jump Error: 5.10568e-09
0.323813
1.07235e-10
Jump Error: 4.80843e-09
0.316825
1.04663e-10
Jump Error: 4.5265e-09
0.309943
1.78508e-10
Jump Error: 4.25918e-09
0.303162
1.83195e-10
Jump Error: 4.00579e-09
0.29648
1.80017e-10
Jump Error: 3.7657e-09
0.289895
8.70438e-11
Jump Error: 3.53828e-09
0.283404
1.80121e-10
Jump Error: 3.32296e-09
0.277006
1.52732e-10
Jump Error: 3.11916e-09
0.270697
1.30937e-10
Jump Error: 2.92635e-09
0.264478
1.17375e-10
Jump Error: 2.74402e-09
0.258346
1.0674e-10
Jump Error: 2.57168e-09
0.2523
1.25382e-10
Jump Error: 2.40884e-09
0.24634
1.44562e-10
Jump Error: 2.25506e-09
0.240463
2.14731e-10
Jump Error: 2.10991e-09
0.23467
2.67576e-10
Jump Error: 1.97297e-09
0.228959
1.23176e-10
Jump Error: 1.84384e-09
0.22333
9.36558e-11
Jump Error: 1.72214e-09
0.217782
1.06307e-10
Jump Error: 1.60751e-09
0.212315
1.02266e-10
Jump Error: 1.49959e-09
0.206929
1.30493e-10
Jump Error: 1.39805e-09
0.201622
1.29463e-10
Jump Error: 1.30256e-09
0.196396
1.2216e-10
Jump Error: 1.21282e-09
0.19125
1.61397e-10
Jump Error: 1.12853e-09
0.186183
1.45336e-10
Jump Error: 1.04941e-09
0.181196
8.65943e-11
Jump Error: 9.75187e-10
0.176287
7.05865e-11
Jump Error: 9.05604e-10
0.171459
2.24368e-10
Jump Error: 8.40411e-10
0.166709
7.74273e-11
Jump Error: 7.79371e-10
0.162038
1.39637e-10
Jump Error: 7.22256e-10
0.157447
1.53386e-10
Jump Error: 6.68852e-10
0.152934
1.13335e-10
Jump Error: 6.18951e-10
0.148501
1.38503e-10
Jump Error: 5.72356e-10
0.144146
1.25584e-10
Jump Error: 5.28878e-10
0.13987
1.3746e-10
Jump Error: 4.88337e-10
0.135672
1.32966e-10
Jump Error: 4.50563e-10
0.131553
1.04724e-10
Jump Error: 4.15393e-10
0.127513
1.6668e-10
Jump Error: 3.82671e-10
0.123551
1.27998e-10
Jump Error: 3.5225e-10
0.119667
1.70374e-10
Jump Error: 3.2399e-10
0.115861
8.81727e-11
Jump Error: 2.97759e-10
0.112133
1.60723e-10
Jump Error: 2.73427e-10
0.108482
1.01924e-10
Jump Error: 2.50879e-10
0.104908
1.52646e-10
Jump Error: 2.29998e-10
0.101412
1.76059e-10
Jump Error: 2.10677e-10
0.0979917
1.53351e-10
Jump Error: 1.92815e-10
0.0946481
1.30584e-10
Jump Error: 1.76315e-10
0.0913803
9.76057e-11
Jump Error: 1.61087e-10
0.0881879
1.8746e-10
Jump Error: 1.47044e-10
0.0850706
1.00222e-10
Jump Error: 1.34105e-10
0.0820278
9.47286e-11
Jump Error: 1.22195e-10
0.079059
1.27562e-10
Jump Error: 1.1124e-10
0.0761638
8.57877e-11
Jump Error: 1.01174e-10
0.0733415
1.00808e-10
Jump Error: 9.19332e-11
Total Solves: 1256
dt = 1e-06 h_f = 0.353553 h_s = 0.257694 L2(T) error [fluid] = 0.00816234,  L2(T) error [structure] = 2.06336e-11
 L2(0,T;H1(t)) error [fluid] = 2.15166e-07,  Pressure error [fluid] = 73.8455,  L2(0,T;H1(t)) errors [structure] = 8.92422e-10 L2(T) error [structure_vel] = 0.00457811
Comp. Time: 70.0699
Est. Rem.: 0


+---------------------------------------------+------------+------------+
| Total wallclock time elapsed since start    |      30.7s |            |
|                                             |            |            |
| Section                         | no. calls |  wall time | % of total |
+---------------------------------+-----------+------------+------------+
| Assemble                        |       664 |      18.8s |        61% |
| Everything                      |         1 |      30.7s |     1e+02% |
| Setup dof system                |         1 |   0.00382s |     0.012% |
| State Solve                     |       664 |      2.19s |       7.2% |
+---------------------------------+-----------+------------+------------+

Number of active cells: fluid: 36 structure: 36
Number of degrees of freedom: 1401 (338+49+338+338+338)

----------------------------------------
Time step 1 at t=0.800001
20.6532
0.000125447
1.72935e-10
Jump Error: 5.77066e-08
0.0864896
1.72234e-10
Jump Error: 5.23427e-08
0.0859261
1.15104e-10
Jump Error: 4.74498e-08
0.0853581
1.12246e-10
Jump Error: 4.29906e-08
0.0847854
9.11621e-11
Jump Error: 3.89301e-08
0.0842077
1.61598e-10
Jump Error: 3.52362e-08
0.0836249
1.61559e-10
Jump Error: 3.18786e-08
0.0830368
1.42688e-10
Jump Error: 2.88294e-08
0.0824432
1.40351e-10
Jump Error: 2.60627e-08
0.081844
1.1603e-10
Jump Error: 2.35545e-08
0.0812391
1.2604e-10
Jump Error: 2.12824e-08
0.0806283
1.31228e-10
Jump Error: 1.92261e-08
0.0800115
1.55886e-10
Jump Error: 1.73664e-08
0.0793887
1.76839e-10
Jump Error: 1.56859e-08
0.0787599
2.56753e-10
Jump Error: 1.41684e-08
0.0781248
1.30593e-10
Jump Error: 1.27991e-08
0.0774836
1.22636e-10
Jump Error: 1.15645e-08
0.0768361
1.45986e-10
Jump Error: 1.04519e-08
0.0761823
8.26207e-11
Jump Error: 9.44993e-09
0.0755224
9.40273e-11
Jump Error: 8.54807e-09
0.0748561
1.09323e-10
Jump Error: 7.73674e-09
0.0741837
1.41328e-10
Jump Error: 7.00715e-09
0.0735052
1.08977e-10
Jump Error: 6.35133e-09
0.0728206
1.20853e-10
Jump Error: 5.76201e-09
0.0721299
1.20396e-10
Jump Error: 5.23252e-09
0.0714332
8.37743e-11
Jump Error: 4.7569e-09
0.0707307
1.00896e-10
Jump Error: 4.32966e-09
0.0700225
1.61619e-10
Jump Error: 3.94585e-09
0.0693086
1.20736e-10
Jump Error: 3.60102e-09
0.0685892
1.6053e-10
Jump Error: 3.29111e-09
0.0678644
2.14535e-10
Jump Error: 3.01247e-09
0.0671343
1.13945e-10
Jump Error: 2.7618e-09
0.0663992
1.26422e-10
Jump Error: 2.53616e-09
0.0656592
1.83773e-10
Jump Error: 2.33288e-09
0.0649144
1.00987e-10
Jump Error: 2.14956e-09
0.0641651
7.52915e-11
Jump Error: 1.98407e-09
0.0634114
1.56991e-10
Jump Error: 1.83447e-09
0.0626535
1.29473e-10
Jump Error: 1.69906e-09
0.0618916
9.10335e-11
Jump Error: 1.57631e-09
0.0611261
1.44808e-10
Jump Error: 1.46484e-09
0.0603569
1.31925e-10
Jump Error: 1.36344e-09
0.0595846
8.49088e-11
Jump Error: 1.27101e-09
0.0588091
1.07402e-10
Jump Error: 1.18661e-09
0.0580309
1.09272e-10
Jump Error: 1.10935e-09
0.05725
1.02228e-10
Jump Error: 1.0385e-09
0.0564668
1.06936e-10
Jump Error: 9.73375e-10
0.0556816
1.21185e-10
Jump Error: 9.13374e-10
0.0548944
1.18033e-10
Jump Error: 8.57974e-10
0.0541058
1.28174e-10
Jump Error: 8.06707e-10
0.0533159
1.93068e-10
Jump Error: 7.59156e-10
0.052525
1.20306e-10
Jump Error: 7.14961e-10
0.0517333
1.54769e-10
Jump Error: 6.73798e-10
0.0509411
7.08544e-11
Jump Error: 6.35381e-10
0.0501488
1.15803e-10
Jump Error: 5.99463e-10
0.0493567
1.60941e-10
Jump Error: 5.65815e-10
0.0485648
1.00968e-10
Jump Error: 5.34247e-10
0.0477737
7.89615e-11
Jump Error: 5.04581e-10
0.0469835
1.77864e-10
Jump Error: 4.76661e-10
0.0461945
8.39215e-11
Jump Error: 4.50354e-10
0.0454069
1.50528e-10
Jump Error: 4.25539e-10
0.0446214
1.26768e-10
Jump Error: 4.02102e-10
0.0438377
1.25436e-10
Jump Error: 3.79952e-10
0.0430565
1.83431e-10
Jump Error: 3.59e-10
0.042278
1.38869e-10
Jump Error: 3.3917e-10
0.0415025
2.03437e-10
Jump Error: 3.20386e-10
0.04073
1.30927e-10
Jump Error: 3.02592e-10
0.0399613
1.50451e-10
Jump Error: 2.85725e-10
0.0391961
1.07265e-10
Jump Error: 2.69737e-10
0.0384352
1.02577e-10
Jump Error: 2.54575e-10
0.0376785
8.30155e-11
Jump Error: 2.40198e-10
0.0369264
1.48757e-10
Jump Error: 2.26565e-10
0.0361792
1.05681e-10
Jump Error: 2.13636e-10
0.0354371
1.30803e-10
Jump Error: 2.01378e-10
0.0347004
1.21711e-10
Jump Error: 1.89757e-10
0.0339693
1.28532e-10
Jump Error: 1.78743e-10
0.0332442
1.4553e-10
Jump Error: 1.68305e-10
0.032525
1.80173e-10
Jump Error: 1.5842e-10
0.0318125
1.01327e-10
Jump Error: 1.49057e-10
0.0311066
1.2811e-10
Jump Error: 1.40193e-10
0.0304074
8.90502e-11
Jump Error: 1.31805e-10
0.0297152
8.0632e-11
Jump Error: 1.23871e-10
0.0290304
1.3004e-10
Jump Error: 1.16369e-10
0.0283532
1.19367e-10
Jump Error: 1.09279e-10
0.0276837
1.36255e-10
Jump Error: 1.02581e-10
0.027022
7.53833e-11
Jump Error: 9.62563e-11
Total Solves: 339
dt = 1e-06 h_f = 0.235702 h_s = 0.171796 L2(T) error [fluid] = 6.14015e-05,  L2(T) error [structure] = 6.00682e-12
 L2(0,T;H1(t)) error [fluid] = 3.10352e-09,  Pressure error [fluid] = 0.774381,  L2(0,T;H1(t)) errors [structure] = 3.82024e-10 L2(T) error [structure_vel] = 3.21899e-05
Comp. Time: 39.8784
Est. Rem.: 0


+---------------------------------------------+------------+------------+
| Total wallclock time elapsed since start    |      10.6s |            |
|                                             |            |            |
| Section                         | no. calls |  wall time | % of total |
+---------------------------------+-----------+------------+------------+
| Assemble                        |       171 |      5.95s |        56% |
| Everything                      |         1 |      10.6s |     1e+02% |
| Setup dof system                |         1 |   0.00506s |     0.048% |
| State Solve                     |       171 |      1.22s |        11% |
+---------------------------------+-----------+------------+------------+

Number of active cells: fluid: 81 structure: 81
Number of degrees of freedom: 2988 (722+100+722+722+722)

----------------------------------------
Time step 1 at t=0.800001
27.1599
4.42674e-05
1.0912e-10
Jump Error: 1.52432e-10
0.00636223
1.26425e-10
Jump Error: 1.21532e-10
0.00622817
2.16767e-10
Jump Error: 9.69342e-11
Total Solves: 11
dt = 1e-06 h_f = 0.157135 h_s = 0.114531 L2(T) error [fluid] = 1.14744e-05,  L2(T) error [structure] = 1.74713e-12
 L2(0,T;H1(t)) error [fluid] = 1.08563e-09,  Pressure error [fluid] = 0.143517,  L2(0,T;H1(t)) errors [structure] = 1.65441e-10 L2(T) error [structure_vel] = 4.86448e-06
Comp. Time: 2.85858
Est. Rem.: 0


+---------------------------------------------+------------+------------+
| Total wallclock time elapsed since start    |      0.79s |            |
|                                             |            |            |
| Section                         | no. calls |  wall time | % of total |
+---------------------------------+-----------+------------+------------+
| Assemble                        |         7 |     0.464s |        59% |
| Everything                      |         1 |      0.79s |     1e+02% |
| Setup dof system                |         1 |   0.00739s |      0.94% |
| State Solve                     |         7 |     0.123s |        16% |
+---------------------------------+-----------+------------+------------+

Number of active cells: fluid: 196 structure: 196
Number of degrees of freedom: 6953 (1682+225+1682+1682+1682)

----------------------------------------
Time step 1 at t=0.800001
40.1527
1.45034e-05
2.02656e-10
Jump Error: 1.45813e-11
Total Solves: 3
dt = 1e-06 h_f = 0.101015 h_s = 0.0736269 L2(T) error [fluid] = 3.03663e-06,  L2(T) error [structure] = 4.56453e-13
 L2(0,T;H1(t)) error [fluid] = 4.4687e-10,  Pressure error [fluid] = 0.0245303,  L2(0,T;H1(t)) errors [structure] = 6.71277e-11 L2(T) error [structure_vel] = 1.2725e-06
Comp. Time: 2.19347
Est. Rem.: 0


+---------------------------------------------+------------+------------+
| Total wallclock time elapsed since start    |     0.652s |            |
|                                             |            |            |
| Section                         | no. calls |  wall time | % of total |
+---------------------------------+-----------+------------+------------+
| Assemble                        |         3 |     0.425s |        65% |
| Everything                      |         1 |     0.652s |     1e+02% |
| Setup dof system                |         1 |     0.016s |       2.5% |
| State Solve                     |         3 |      0.15s |        23% |
+---------------------------------+-----------+------------+------------+

Number of active cells: fluid: 441 structure: 441
Number of degrees of freedom: 15276 (3698+484+3698+3698+3698)

----------------------------------------
Time step 1 at t=0.800001
58.6576
5.29121e-06
2.15093e-10
Jump Error: 3.00678e-12
Total Solves: 3
dt = 1e-06 h_f = 0.0673435 h_s = 0.0490846 L2(T) error [fluid] = 8.95722e-07,  L2(T) error [structure] = 1.33703e-13
 L2(0,T;H1(t)) error [fluid] = 1.97996e-10,  Pressure error [fluid] = 0.00486444,  L2(0,T;H1(t)) errors [structure] = 2.95158e-11 L2(T) error [structure_vel] = 3.73806e-07
Comp. Time: 4.85451
Est. Rem.: 0


+---------------------------------------------+------------+------------+
| Total wallclock time elapsed since start    |      1.52s |            |
|                                             |            |            |
| Section                         | no. calls |  wall time | % of total |
+---------------------------------+-----------+------------+------------+
| Assemble                        |         3 |     0.917s |        60% |
| Everything                      |         1 |      1.52s |     1e+02% |
| Setup dof system                |         1 |    0.0345s |       2.3% |
| State Solve                     |         3 |     0.431s |        28% |
+---------------------------------+-----------+------------+------------+

Number of active cells: fluid: 961 structure: 961
Number of degrees of freedom: 32776 (7938+1024+7938+7938+7938)

----------------------------------------
Time step 1 at t=0.800001
85.1686
2.0359e-06
2.22323e-10
Jump Error: 1.39013e-12
Total Solves: 3
dt = 1e-06 h_f = 0.0456198 h_s = 0.0332509 L2(T) error [fluid] = 2.77699e-07,  L2(T) error [structure] = 4.12338e-14
 L2(0,T;H1(t)) error [fluid] = 9.06892e-11,  Pressure error [fluid] = 0.00103972,  L2(0,T;H1(t)) errors [structure] = 1.34534e-11 L2(T) error [structure_vel] = 1.15606e-07
Comp. Time: 10.6784
Est. Rem.: 0


+---------------------------------------------+------------+------------+
| Total wallclock time elapsed since start    |      3.44s |            |
|                                             |            |            |
| Section                         | no. calls |  wall time | % of total |
+---------------------------------+-----------+------------+------------+
| Assemble                        |         3 |      1.98s |        58% |
| Everything                      |         1 |      3.44s |     1e+02% |
| Setup dof system                |         1 |    0.0704s |         2% |
| State Solve                     |         3 |      1.09s |        32% |
+---------------------------------+-----------+------------+------------+

Number of active cells: fluid: 2116 structure: 2116
Number of degrees of freedom: 71401 (17298+2209+17298+17298+17298)

----------------------------------------
Time step 1 at t=0.800001
124.963
7.84642e-07
1.18261e-09
Jump Error: 1.04483e-12
Total Solves: 3
dt = 1e-06 h_f = 0.0307438 h_s = 0.0224082 L2(T) error [fluid] = 8.48685e-08,  L2(T) error [structure] = 1.25482e-14
 L2(0,T;H1(t)) error [fluid] = 4.11428e-11,  Pressure error [fluid] = 0.000226987,  L2(0,T;H1(t)) errors [structure] = 6.08229e-12 L2(T) error [structure_vel] = 3.52893e-08
Comp. Time: 23.9349
Est. Rem.: 0


+---------------------------------------------+------------+------------+
| Total wallclock time elapsed since start    |      8.18s |            |
|                                             |            |            |
| Section                         | no. calls |  wall time | % of total |
+---------------------------------+-----------+------------+------------+
| Assemble                        |         3 |      4.52s |        55% |
| Everything                      |         1 |      8.18s |     1e+02% |
| Setup dof system                |         1 |     0.149s |       1.8% |
| State Solve                     |         3 |      2.84s |        35% |
+---------------------------------+-----------+------------+------------+

Number of active cells: fluid: 4761 structure: 4761
Number of degrees of freedom: 159468 (38642+4900+38642+38642+38642)

----------------------------------------
Time step 1 at t=0.800001
185.995
2.99334e-07
4.47167e-10
Jump Error: 9.53556e-13
Total Solves: 3
dt = 1e-06 h_f = 0.0204958 h_s = 0.0149388 L2(T) error [fluid] = 2.51495e-08,  L2(T) error [structure] = 3.70294e-15
 L2(0,T;H1(t)) error [fluid] = 1.82832e-11,  Pressure error [fluid] = 5.48952e-05,  L2(0,T;H1(t)) errors [structure] = 2.69493e-12 L2(T) error [structure_vel] = 1.04642e-08
Comp. Time: 55.2735
Est. Rem.: 0


+---------------------------------------------+------------+------------+
| Total wallclock time elapsed since start    |      20.1s |            |
|                                             |            |            |
| Section                         | no. calls |  wall time | % of total |
+---------------------------------+-----------+------------+------------+
| Assemble                        |         3 |      10.6s |        53% |
| Everything                      |         1 |      20.1s |     1e+02% |
| Setup dof system                |         1 |     0.332s |       1.7% |
| State Solve                     |         3 |      7.61s |        38% |
+---------------------------------+-----------+------------+------------+

1.0
1.0
1.0
1.0
1.0
1.0
1.0
1.0
h            fluid.vel.L2   fluid.vel.H1   fluid.press.L2   structure.displ.L2   structure.displ.H1   structure.vel.L2
0.353553                -              -                -                    -                    -                  -
0.235702            12.06          10.45            11.24                 3.04                 2.09              12.23
0.157135             4.14           2.59             4.16                 3.05                 2.06               4.66
0.101015             3.01           2.01             4.00                 3.04                 2.04               3.04
0.0673435            3.01           2.01             3.99                 3.03                 2.03               3.02
0.0456198            3.01           2.00             3.96                 3.02                 2.02               3.01
0.0307438            3.00           2.00             3.86                 3.01                 2.01               3.01
0.0204958            3.00           2.00             3.50                 3.01                 2.01               3.00
